   0  $accept : Program $end

   1  Program : ClassList

   2  ClassList : ClassList ClassDef
   3            | ClassDef

   4  VariableDef : Variable ';'

   5  Variable : Type IDENTIFIER

   6  Type : INT
   7       | VOID
   8       | BOOL
   9       | COMPLEX
  10       | STRING
  11       | CLASS IDENTIFIER
  12       | Type '[' ']'

  13  ClassDef : CLASS IDENTIFIER ExtendsClause '{' FieldList '}'

  14  ExtendsClause : EXTENDS IDENTIFIER
  15                |

  16  FieldList : FieldList VariableDef
  17            | FieldList FunctionDef
  18            |

  19  Formals : VariableList
  20          |

  21  VariableList : VariableList ',' Variable
  22               | Variable

  23  FunctionDef : STATIC Type IDENTIFIER '(' Formals ')' StmtBlock
  24              | Type IDENTIFIER '(' Formals ')' StmtBlock

  25  StmtBlock : '{' StmtList '}'

  26  StmtList : StmtList Stmt
  27           |

  28  Stmt : VariableDef
  29       | SimpleStmt ';'
  30       | IfStmt
  31       | WhileStmt
  32       | ForStmt
  33       | ReturnStmt ';'
  34       | PrintStmt ';'
  35       | BreakStmt ';'
  36       | StmtBlock
  37       | DOODStmt ';'

  38  SimpleStmt : LValue '=' Expr
  39             | Call
  40             |

  41  Receiver : Expr '.'
  42           |

  43  LValue : Receiver IDENTIFIER
  44         | Expr '[' Expr ']'

  45  Call : Receiver IDENTIFIER '(' Actuals ')'

  46  Expr : LValue
  47       | Call
  48       | Constant
  49       | Expr '+' Expr
  50       | Expr '-' Expr
  51       | Expr '*' Expr
  52       | Expr '/' Expr
  53       | Expr '%' Expr
  54       | Expr EQUAL Expr
  55       | Expr NOT_EQUAL Expr
  56       | Expr '<' Expr
  57       | Expr '>' Expr
  58       | Expr LESS_EQUAL Expr
  59       | Expr GREATER_EQUAL Expr
  60       | Expr AND Expr
  61       | Expr OR Expr
  62       | '(' Expr ')'
  63       | '-' Expr
  64       | '!' Expr
  65       | '@' Expr
  66       | '$' Expr
  67       | '#' Expr
  68       | READ_INTEGER '(' ')'
  69       | READ_LINE '(' ')'
  70       | THIS
  71       | SUPER
  72       | NEW IDENTIFIER '(' ')'
  73       | NEW Type '[' Expr ']'
  74       | INSTANCEOF '(' Expr ',' IDENTIFIER ')'
  75       | '(' CLASS IDENTIFIER ')' Expr
  76       | CASE '(' Expr ')' '{' CaseList DefaultExpr '}'
  77       | DCOPY '(' Expr ')'
  78       | SCOPY '(' Expr ')'

  79  Constant : LITERAL
  80           | NULL

  81  Actuals : ExprList
  82          |

  83  ExprList : ExprList ',' Expr
  84           | Expr

  85  WhileStmt : WHILE '(' Expr ')' Stmt

  86  ForStmt : FOR '(' SimpleStmt ';' Expr ';' SimpleStmt ')' Stmt

  87  BreakStmt : BREAK

  88  IfStmt : IF '(' Expr ')' Stmt ElseClause

  89  ElseClause : ELSE Stmt
  90             |

  91  ReturnStmt : RETURN Expr
  92             | RETURN

  93  PrintStmt : PRINT '(' ExprList ')'
  94            | PRINT_COMP '(' ExprList ')'

  95  CaseList : CaseList CaseDef
  96           |

  97  CaseDef : Constant ':' Expr ';'

  98  DefaultExpr : DEFAULT ':' Expr ';'

  99  DOODStmt : DO DOODBranch OD

 100  DOODBranch : DOODBranch DOOD DOODSubStmt
 101             | DOODSubStmt

 102  DOODSubStmt : Expr ':' Stmt

state 0
	$accept : . Program $end  (0)

	CLASS  shift 1
	.  error

	Program  goto 2
	ClassList  goto 3
	ClassDef  goto 4


state 1
	ClassDef : CLASS . IDENTIFIER ExtendsClause '{' FieldList '}'  (13)

	IDENTIFIER  shift 5
	.  error


state 2
	$accept : Program . $end  (0)

	$end  accept


state 3
	Program : ClassList .  (1)
	ClassList : ClassList . ClassDef  (2)

	CLASS  shift 1
	$end  reduce 1

	ClassDef  goto 6


state 4
	ClassList : ClassDef .  (3)

	.  reduce 3


state 5
	ClassDef : CLASS IDENTIFIER . ExtendsClause '{' FieldList '}'  (13)
	ExtendsClause : .  (15)

	EXTENDS  shift 7
	'{'  reduce 15

	ExtendsClause  goto 8


state 6
	ClassList : ClassList ClassDef .  (2)

	.  reduce 2


state 7
	ExtendsClause : EXTENDS . IDENTIFIER  (14)

	IDENTIFIER  shift 9
	.  error


state 8
	ClassDef : CLASS IDENTIFIER ExtendsClause . '{' FieldList '}'  (13)

	'{'  shift 10
	.  error


state 9
	ExtendsClause : EXTENDS IDENTIFIER .  (14)

	.  reduce 14


state 10
	ClassDef : CLASS IDENTIFIER ExtendsClause '{' . FieldList '}'  (13)
	FieldList : .  (18)

	.  reduce 18

	FieldList  goto 11


state 11
	ClassDef : CLASS IDENTIFIER ExtendsClause '{' FieldList . '}'  (13)
	FieldList : FieldList . VariableDef  (16)
	FieldList : FieldList . FunctionDef  (17)

	VOID  shift 12
	BOOL  shift 13
	INT  shift 14
	COMPLEX  shift 15
	STRING  shift 16
	CLASS  shift 17
	STATIC  shift 18
	'}'  shift 19
	.  error

	VariableDef  goto 20
	Variable  goto 21
	Type  goto 22
	FunctionDef  goto 23


state 12
	Type : VOID .  (7)

	.  reduce 7


state 13
	Type : BOOL .  (8)

	.  reduce 8


state 14
	Type : INT .  (6)

	.  reduce 6


state 15
	Type : COMPLEX .  (9)

	.  reduce 9


state 16
	Type : STRING .  (10)

	.  reduce 10


state 17
	Type : CLASS . IDENTIFIER  (11)

	IDENTIFIER  shift 24
	.  error


state 18
	FunctionDef : STATIC . Type IDENTIFIER '(' Formals ')' StmtBlock  (23)

	VOID  shift 12
	BOOL  shift 13
	INT  shift 14
	COMPLEX  shift 15
	STRING  shift 16
	CLASS  shift 17
	.  error

	Type  goto 25


state 19
	ClassDef : CLASS IDENTIFIER ExtendsClause '{' FieldList '}' .  (13)

	.  reduce 13


state 20
	FieldList : FieldList VariableDef .  (16)

	.  reduce 16


state 21
	VariableDef : Variable . ';'  (4)

	';'  shift 26
	.  error


state 22
	Variable : Type . IDENTIFIER  (5)
	Type : Type . '[' ']'  (12)
	FunctionDef : Type . IDENTIFIER '(' Formals ')' StmtBlock  (24)

	IDENTIFIER  shift 27
	'['  shift 28
	.  error


state 23
	FieldList : FieldList FunctionDef .  (17)

	.  reduce 17


state 24
	Type : CLASS IDENTIFIER .  (11)

	.  reduce 11


state 25
	Type : Type . '[' ']'  (12)
	FunctionDef : STATIC Type . IDENTIFIER '(' Formals ')' StmtBlock  (23)

	IDENTIFIER  shift 29
	'['  shift 28
	.  error


state 26
	VariableDef : Variable ';' .  (4)

	.  reduce 4


state 27
	Variable : Type IDENTIFIER .  (5)
	FunctionDef : Type IDENTIFIER . '(' Formals ')' StmtBlock  (24)

	'('  shift 30
	';'  reduce 5


state 28
	Type : Type '[' . ']'  (12)

	']'  shift 31
	.  error


state 29
	FunctionDef : STATIC Type IDENTIFIER . '(' Formals ')' StmtBlock  (23)

	'('  shift 32
	.  error


state 30
	FunctionDef : Type IDENTIFIER '(' . Formals ')' StmtBlock  (24)
	Formals : .  (20)

	VOID  shift 12
	BOOL  shift 13
	INT  shift 14
	COMPLEX  shift 15
	STRING  shift 16
	CLASS  shift 17
	')'  reduce 20

	Variable  goto 33
	Type  goto 34
	Formals  goto 35
	VariableList  goto 36


state 31
	Type : Type '[' ']' .  (12)

	.  reduce 12


state 32
	FunctionDef : STATIC Type IDENTIFIER '(' . Formals ')' StmtBlock  (23)
	Formals : .  (20)

	VOID  shift 12
	BOOL  shift 13
	INT  shift 14
	COMPLEX  shift 15
	STRING  shift 16
	CLASS  shift 17
	')'  reduce 20

	Variable  goto 33
	Type  goto 34
	Formals  goto 37
	VariableList  goto 36


state 33
	VariableList : Variable .  (22)

	.  reduce 22


state 34
	Variable : Type . IDENTIFIER  (5)
	Type : Type . '[' ']'  (12)

	IDENTIFIER  shift 38
	'['  shift 28
	.  error


state 35
	FunctionDef : Type IDENTIFIER '(' Formals . ')' StmtBlock  (24)

	')'  shift 39
	.  error


state 36
	Formals : VariableList .  (19)
	VariableList : VariableList . ',' Variable  (21)

	','  shift 40
	')'  reduce 19


state 37
	FunctionDef : STATIC Type IDENTIFIER '(' Formals . ')' StmtBlock  (23)

	')'  shift 41
	.  error


state 38
	Variable : Type IDENTIFIER .  (5)

	.  reduce 5


state 39
	FunctionDef : Type IDENTIFIER '(' Formals ')' . StmtBlock  (24)

	'{'  shift 42
	.  error

	StmtBlock  goto 43


state 40
	VariableList : VariableList ',' . Variable  (21)

	VOID  shift 12
	BOOL  shift 13
	INT  shift 14
	COMPLEX  shift 15
	STRING  shift 16
	CLASS  shift 17
	.  error

	Variable  goto 44
	Type  goto 34


state 41
	FunctionDef : STATIC Type IDENTIFIER '(' Formals ')' . StmtBlock  (23)

	'{'  shift 42
	.  error

	StmtBlock  goto 45


state 42
	StmtBlock : '{' . StmtList '}'  (25)
	StmtList : .  (27)

	.  reduce 27

	StmtList  goto 46


state 43
	FunctionDef : Type IDENTIFIER '(' Formals ')' StmtBlock .  (24)

	.  reduce 24


state 44
	VariableList : VariableList ',' Variable .  (21)

	.  reduce 21


state 45
	FunctionDef : STATIC Type IDENTIFIER '(' Formals ')' StmtBlock .  (23)

	.  reduce 23


state 46
	StmtBlock : '{' StmtList . '}'  (25)
	StmtList : StmtList . Stmt  (26)
	SimpleStmt : .  (40)
	Receiver : .  (42)

	VOID  shift 12
	BOOL  shift 13
	INT  shift 14
	COMPLEX  shift 15
	STRING  shift 16
	CLASS  shift 17
	DO  shift 47
	NULL  shift 48
	THIS  shift 49
	WHILE  shift 50
	FOR  shift 51
	CASE  shift 52
	IF  shift 53
	RETURN  shift 54
	BREAK  shift 55
	NEW  shift 56
	SUPER  shift 57
	PRINT  shift 58
	PRINT_COMP  shift 59
	READ_INTEGER  shift 60
	READ_LINE  shift 61
	LITERAL  shift 62
	DCOPY  shift 63
	SCOPY  shift 64
	INSTANCEOF  shift 65
	'-'  shift 66
	'@'  shift 67
	'$'  shift 68
	'#'  shift 69
	'!'  shift 70
	'('  shift 71
	'{'  shift 42
	'}'  shift 72
	IDENTIFIER  reduce 42
	';'  reduce 40

	VariableDef  goto 73
	Variable  goto 21
	Type  goto 34
	StmtBlock  goto 74
	Stmt  goto 75
	SimpleStmt  goto 76
	IfStmt  goto 77
	WhileStmt  goto 78
	ForStmt  goto 79
	ReturnStmt  goto 80
	PrintStmt  goto 81
	BreakStmt  goto 82
	DOODStmt  goto 83
	LValue  goto 84
	Expr  goto 85
	Call  goto 86
	Receiver  goto 87
	Constant  goto 88


state 47
	DOODStmt : DO . DOODBranch OD  (99)
	Receiver : .  (42)

	NULL  shift 48
	THIS  shift 49
	CASE  shift 52
	NEW  shift 56
	SUPER  shift 57
	READ_INTEGER  shift 60
	READ_LINE  shift 61
	LITERAL  shift 62
	DCOPY  shift 63
	SCOPY  shift 64
	INSTANCEOF  shift 65
	'-'  shift 66
	'@'  shift 67
	'$'  shift 68
	'#'  shift 69
	'!'  shift 70
	'('  shift 71
	IDENTIFIER  reduce 42

	LValue  goto 89
	Expr  goto 90
	Call  goto 91
	Receiver  goto 87
	Constant  goto 88
	DOODBranch  goto 92
	DOODSubStmt  goto 93


state 48
	Constant : NULL .  (80)

	.  reduce 80


state 49
	Expr : THIS .  (70)

	.  reduce 70


state 50
	WhileStmt : WHILE . '(' Expr ')' Stmt  (85)

	'('  shift 94
	.  error


state 51
	ForStmt : FOR . '(' SimpleStmt ';' Expr ';' SimpleStmt ')' Stmt  (86)

	'('  shift 95
	.  error


state 52
	Expr : CASE . '(' Expr ')' '{' CaseList DefaultExpr '}'  (76)

	'('  shift 96
	.  error


state 53
	IfStmt : IF . '(' Expr ')' Stmt ElseClause  (88)

	'('  shift 97
	.  error


state 54
	ReturnStmt : RETURN . Expr  (91)
	ReturnStmt : RETURN .  (92)
	Receiver : .  (42)

	NULL  shift 48
	THIS  shift 49
	CASE  shift 52
	NEW  shift 56
	SUPER  shift 57
	READ_INTEGER  shift 60
	READ_LINE  shift 61
	LITERAL  shift 62
	DCOPY  shift 63
	SCOPY  shift 64
	INSTANCEOF  shift 65
	'-'  shift 66
	'@'  shift 67
	'$'  shift 68
	'#'  shift 69
	'!'  shift 70
	'('  shift 71
	IDENTIFIER  reduce 42
	';'  reduce 92

	LValue  goto 89
	Expr  goto 98
	Call  goto 91
	Receiver  goto 87
	Constant  goto 88


state 55
	BreakStmt : BREAK .  (87)

	.  reduce 87


state 56
	Expr : NEW . IDENTIFIER '(' ')'  (72)
	Expr : NEW . Type '[' Expr ']'  (73)

	VOID  shift 12
	BOOL  shift 13
	INT  shift 14
	COMPLEX  shift 15
	STRING  shift 16
	CLASS  shift 17
	IDENTIFIER  shift 99
	.  error

	Type  goto 100


state 57
	Expr : SUPER .  (71)

	.  reduce 71


state 58
	PrintStmt : PRINT . '(' ExprList ')'  (93)

	'('  shift 101
	.  error


state 59
	PrintStmt : PRINT_COMP . '(' ExprList ')'  (94)

	'('  shift 102
	.  error


state 60
	Expr : READ_INTEGER . '(' ')'  (68)

	'('  shift 103
	.  error


state 61
	Expr : READ_LINE . '(' ')'  (69)

	'('  shift 104
	.  error


state 62
	Constant : LITERAL .  (79)

	.  reduce 79


state 63
	Expr : DCOPY . '(' Expr ')'  (77)

	'('  shift 105
	.  error


state 64
	Expr : SCOPY . '(' Expr ')'  (78)

	'('  shift 106
	.  error


state 65
	Expr : INSTANCEOF . '(' Expr ',' IDENTIFIER ')'  (74)

	'('  shift 107
	.  error


state 66
	Expr : '-' . Expr  (63)
	Receiver : .  (42)

	NULL  shift 48
	THIS  shift 49
	CASE  shift 52
	NEW  shift 56
	SUPER  shift 57
	READ_INTEGER  shift 60
	READ_LINE  shift 61
	LITERAL  shift 62
	DCOPY  shift 63
	SCOPY  shift 64
	INSTANCEOF  shift 65
	'-'  shift 66
	'@'  shift 67
	'$'  shift 68
	'#'  shift 69
	'!'  shift 70
	'('  shift 71
	IDENTIFIER  reduce 42

	LValue  goto 89
	Expr  goto 108
	Call  goto 91
	Receiver  goto 87
	Constant  goto 88


state 67
	Expr : '@' . Expr  (65)
	Receiver : .  (42)

	NULL  shift 48
	THIS  shift 49
	CASE  shift 52
	NEW  shift 56
	SUPER  shift 57
	READ_INTEGER  shift 60
	READ_LINE  shift 61
	LITERAL  shift 62
	DCOPY  shift 63
	SCOPY  shift 64
	INSTANCEOF  shift 65
	'-'  shift 66
	'@'  shift 67
	'$'  shift 68
	'#'  shift 69
	'!'  shift 70
	'('  shift 71
	IDENTIFIER  reduce 42

	LValue  goto 89
	Expr  goto 109
	Call  goto 91
	Receiver  goto 87
	Constant  goto 88


state 68
	Expr : '$' . Expr  (66)
	Receiver : .  (42)

	NULL  shift 48
	THIS  shift 49
	CASE  shift 52
	NEW  shift 56
	SUPER  shift 57
	READ_INTEGER  shift 60
	READ_LINE  shift 61
	LITERAL  shift 62
	DCOPY  shift 63
	SCOPY  shift 64
	INSTANCEOF  shift 65
	'-'  shift 66
	'@'  shift 67
	'$'  shift 68
	'#'  shift 69
	'!'  shift 70
	'('  shift 71
	IDENTIFIER  reduce 42

	LValue  goto 89
	Expr  goto 110
	Call  goto 91
	Receiver  goto 87
	Constant  goto 88


state 69
	Expr : '#' . Expr  (67)
	Receiver : .  (42)

	NULL  shift 48
	THIS  shift 49
	CASE  shift 52
	NEW  shift 56
	SUPER  shift 57
	READ_INTEGER  shift 60
	READ_LINE  shift 61
	LITERAL  shift 62
	DCOPY  shift 63
	SCOPY  shift 64
	INSTANCEOF  shift 65
	'-'  shift 66
	'@'  shift 67
	'$'  shift 68
	'#'  shift 69
	'!'  shift 70
	'('  shift 71
	IDENTIFIER  reduce 42

	LValue  goto 89
	Expr  goto 111
	Call  goto 91
	Receiver  goto 87
	Constant  goto 88


state 70
	Expr : '!' . Expr  (64)
	Receiver : .  (42)

	NULL  shift 48
	THIS  shift 49
	CASE  shift 52
	NEW  shift 56
	SUPER  shift 57
	READ_INTEGER  shift 60
	READ_LINE  shift 61
	LITERAL  shift 62
	DCOPY  shift 63
	SCOPY  shift 64
	INSTANCEOF  shift 65
	'-'  shift 66
	'@'  shift 67
	'$'  shift 68
	'#'  shift 69
	'!'  shift 70
	'('  shift 71
	IDENTIFIER  reduce 42

	LValue  goto 89
	Expr  goto 112
	Call  goto 91
	Receiver  goto 87
	Constant  goto 88


state 71
	Expr : '(' . Expr ')'  (62)
	Expr : '(' . CLASS IDENTIFIER ')' Expr  (75)
	Receiver : .  (42)

	CLASS  shift 113
	NULL  shift 48
	THIS  shift 49
	CASE  shift 52
	NEW  shift 56
	SUPER  shift 57
	READ_INTEGER  shift 60
	READ_LINE  shift 61
	LITERAL  shift 62
	DCOPY  shift 63
	SCOPY  shift 64
	INSTANCEOF  shift 65
	'-'  shift 66
	'@'  shift 67
	'$'  shift 68
	'#'  shift 69
	'!'  shift 70
	'('  shift 71
	IDENTIFIER  reduce 42

	LValue  goto 89
	Expr  goto 114
	Call  goto 91
	Receiver  goto 87
	Constant  goto 88


state 72
	StmtBlock : '{' StmtList '}' .  (25)

	.  reduce 25


state 73
	Stmt : VariableDef .  (28)

	.  reduce 28


state 74
	Stmt : StmtBlock .  (36)

	.  reduce 36


state 75
	StmtList : StmtList Stmt .  (26)

	.  reduce 26


state 76
	Stmt : SimpleStmt . ';'  (29)

	';'  shift 115
	.  error


state 77
	Stmt : IfStmt .  (30)

	.  reduce 30


state 78
	Stmt : WhileStmt .  (31)

	.  reduce 31


state 79
	Stmt : ForStmt .  (32)

	.  reduce 32


state 80
	Stmt : ReturnStmt . ';'  (33)

	';'  shift 116
	.  error


state 81
	Stmt : PrintStmt . ';'  (34)

	';'  shift 117
	.  error


state 82
	Stmt : BreakStmt . ';'  (35)

	';'  shift 118
	.  error


state 83
	Stmt : DOODStmt . ';'  (37)

	';'  shift 119
	.  error


state 84
	SimpleStmt : LValue . '=' Expr  (38)
	Expr : LValue .  (46)

	'='  shift 120
	AND  reduce 46
	OR  reduce 46
	LESS_EQUAL  reduce 46
	GREATER_EQUAL  reduce 46
	EQUAL  reduce 46
	NOT_EQUAL  reduce 46
	'+'  reduce 46
	'-'  reduce 46
	'*'  reduce 46
	'/'  reduce 46
	'%'  reduce 46
	'>'  reduce 46
	'<'  reduce 46
	'.'  reduce 46
	'['  reduce 46


state 85
	Receiver : Expr . '.'  (41)
	LValue : Expr . '[' Expr ']'  (44)
	Expr : Expr . '+' Expr  (49)
	Expr : Expr . '-' Expr  (50)
	Expr : Expr . '*' Expr  (51)
	Expr : Expr . '/' Expr  (52)
	Expr : Expr . '%' Expr  (53)
	Expr : Expr . EQUAL Expr  (54)
	Expr : Expr . NOT_EQUAL Expr  (55)
	Expr : Expr . '<' Expr  (56)
	Expr : Expr . '>' Expr  (57)
	Expr : Expr . LESS_EQUAL Expr  (58)
	Expr : Expr . GREATER_EQUAL Expr  (59)
	Expr : Expr . AND Expr  (60)
	Expr : Expr . OR Expr  (61)

	AND  shift 121
	OR  shift 122
	LESS_EQUAL  shift 123
	GREATER_EQUAL  shift 124
	EQUAL  shift 125
	NOT_EQUAL  shift 126
	'+'  shift 127
	'-'  shift 128
	'*'  shift 129
	'/'  shift 130
	'%'  shift 131
	'>'  shift 132
	'<'  shift 133
	'.'  shift 134
	'['  shift 135
	.  error


state 86
	SimpleStmt : Call .  (39)
	Expr : Call .  (47)

	AND  reduce 47
	OR  reduce 47
	LESS_EQUAL  reduce 47
	GREATER_EQUAL  reduce 47
	EQUAL  reduce 47
	NOT_EQUAL  reduce 47
	'+'  reduce 47
	'-'  reduce 47
	'*'  reduce 47
	'/'  reduce 47
	'%'  reduce 47
	'>'  reduce 47
	'<'  reduce 47
	'.'  reduce 47
	';'  reduce 39
	')'  reduce 39
	'['  reduce 47


state 87
	LValue : Receiver . IDENTIFIER  (43)
	Call : Receiver . IDENTIFIER '(' Actuals ')'  (45)

	IDENTIFIER  shift 136
	.  error


state 88
	Expr : Constant .  (48)

	.  reduce 48


state 89
	Expr : LValue .  (46)

	.  reduce 46


state 90
	Receiver : Expr . '.'  (41)
	LValue : Expr . '[' Expr ']'  (44)
	Expr : Expr . '+' Expr  (49)
	Expr : Expr . '-' Expr  (50)
	Expr : Expr . '*' Expr  (51)
	Expr : Expr . '/' Expr  (52)
	Expr : Expr . '%' Expr  (53)
	Expr : Expr . EQUAL Expr  (54)
	Expr : Expr . NOT_EQUAL Expr  (55)
	Expr : Expr . '<' Expr  (56)
	Expr : Expr . '>' Expr  (57)
	Expr : Expr . LESS_EQUAL Expr  (58)
	Expr : Expr . GREATER_EQUAL Expr  (59)
	Expr : Expr . AND Expr  (60)
	Expr : Expr . OR Expr  (61)
	DOODSubStmt : Expr . ':' Stmt  (102)

	AND  shift 121
	OR  shift 122
	LESS_EQUAL  shift 123
	GREATER_EQUAL  shift 124
	EQUAL  shift 125
	NOT_EQUAL  shift 126
	'+'  shift 127
	'-'  shift 128
	'*'  shift 129
	'/'  shift 130
	'%'  shift 131
	'>'  shift 132
	'<'  shift 133
	'.'  shift 134
	':'  shift 137
	'['  shift 135
	.  error


state 91
	Expr : Call .  (47)

	.  reduce 47


state 92
	DOODStmt : DO DOODBranch . OD  (99)
	DOODBranch : DOODBranch . DOOD DOODSubStmt  (100)

	OD  shift 138
	DOOD  shift 139
	.  error


state 93
	DOODBranch : DOODSubStmt .  (101)

	.  reduce 101


state 94
	WhileStmt : WHILE '(' . Expr ')' Stmt  (85)
	Receiver : .  (42)

	NULL  shift 48
	THIS  shift 49
	CASE  shift 52
	NEW  shift 56
	SUPER  shift 57
	READ_INTEGER  shift 60
	READ_LINE  shift 61
	LITERAL  shift 62
	DCOPY  shift 63
	SCOPY  shift 64
	INSTANCEOF  shift 65
	'-'  shift 66
	'@'  shift 67
	'$'  shift 68
	'#'  shift 69
	'!'  shift 70
	'('  shift 71
	IDENTIFIER  reduce 42

	LValue  goto 89
	Expr  goto 140
	Call  goto 91
	Receiver  goto 87
	Constant  goto 88


state 95
	ForStmt : FOR '(' . SimpleStmt ';' Expr ';' SimpleStmt ')' Stmt  (86)
	SimpleStmt : .  (40)
	Receiver : .  (42)

	NULL  shift 48
	THIS  shift 49
	CASE  shift 52
	NEW  shift 56
	SUPER  shift 57
	READ_INTEGER  shift 60
	READ_LINE  shift 61
	LITERAL  shift 62
	DCOPY  shift 63
	SCOPY  shift 64
	INSTANCEOF  shift 65
	'-'  shift 66
	'@'  shift 67
	'$'  shift 68
	'#'  shift 69
	'!'  shift 70
	'('  shift 71
	IDENTIFIER  reduce 42
	';'  reduce 40

	SimpleStmt  goto 141
	LValue  goto 84
	Expr  goto 85
	Call  goto 86
	Receiver  goto 87
	Constant  goto 88


state 96
	Expr : CASE '(' . Expr ')' '{' CaseList DefaultExpr '}'  (76)
	Receiver : .  (42)

	NULL  shift 48
	THIS  shift 49
	CASE  shift 52
	NEW  shift 56
	SUPER  shift 57
	READ_INTEGER  shift 60
	READ_LINE  shift 61
	LITERAL  shift 62
	DCOPY  shift 63
	SCOPY  shift 64
	INSTANCEOF  shift 65
	'-'  shift 66
	'@'  shift 67
	'$'  shift 68
	'#'  shift 69
	'!'  shift 70
	'('  shift 71
	IDENTIFIER  reduce 42

	LValue  goto 89
	Expr  goto 142
	Call  goto 91
	Receiver  goto 87
	Constant  goto 88


state 97
	IfStmt : IF '(' . Expr ')' Stmt ElseClause  (88)
	Receiver : .  (42)

	NULL  shift 48
	THIS  shift 49
	CASE  shift 52
	NEW  shift 56
	SUPER  shift 57
	READ_INTEGER  shift 60
	READ_LINE  shift 61
	LITERAL  shift 62
	DCOPY  shift 63
	SCOPY  shift 64
	INSTANCEOF  shift 65
	'-'  shift 66
	'@'  shift 67
	'$'  shift 68
	'#'  shift 69
	'!'  shift 70
	'('  shift 71
	IDENTIFIER  reduce 42

	LValue  goto 89
	Expr  goto 143
	Call  goto 91
	Receiver  goto 87
	Constant  goto 88


state 98
	Receiver : Expr . '.'  (41)
	LValue : Expr . '[' Expr ']'  (44)
	Expr : Expr . '+' Expr  (49)
	Expr : Expr . '-' Expr  (50)
	Expr : Expr . '*' Expr  (51)
	Expr : Expr . '/' Expr  (52)
	Expr : Expr . '%' Expr  (53)
	Expr : Expr . EQUAL Expr  (54)
	Expr : Expr . NOT_EQUAL Expr  (55)
	Expr : Expr . '<' Expr  (56)
	Expr : Expr . '>' Expr  (57)
	Expr : Expr . LESS_EQUAL Expr  (58)
	Expr : Expr . GREATER_EQUAL Expr  (59)
	Expr : Expr . AND Expr  (60)
	Expr : Expr . OR Expr  (61)
	ReturnStmt : RETURN Expr .  (91)

	AND  shift 121
	OR  shift 122
	LESS_EQUAL  shift 123
	GREATER_EQUAL  shift 124
	EQUAL  shift 125
	NOT_EQUAL  shift 126
	'+'  shift 127
	'-'  shift 128
	'*'  shift 129
	'/'  shift 130
	'%'  shift 131
	'>'  shift 132
	'<'  shift 133
	'.'  shift 134
	'['  shift 135
	';'  reduce 91


state 99
	Expr : NEW IDENTIFIER . '(' ')'  (72)

	'('  shift 144
	.  error


state 100
	Type : Type . '[' ']'  (12)
	Expr : NEW Type . '[' Expr ']'  (73)

	'['  shift 145
	.  error


state 101
	PrintStmt : PRINT '(' . ExprList ')'  (93)
	Receiver : .  (42)

	NULL  shift 48
	THIS  shift 49
	CASE  shift 52
	NEW  shift 56
	SUPER  shift 57
	READ_INTEGER  shift 60
	READ_LINE  shift 61
	LITERAL  shift 62
	DCOPY  shift 63
	SCOPY  shift 64
	INSTANCEOF  shift 65
	'-'  shift 66
	'@'  shift 67
	'$'  shift 68
	'#'  shift 69
	'!'  shift 70
	'('  shift 71
	IDENTIFIER  reduce 42

	LValue  goto 89
	Expr  goto 146
	Call  goto 91
	Receiver  goto 87
	Constant  goto 88
	ExprList  goto 147


state 102
	PrintStmt : PRINT_COMP '(' . ExprList ')'  (94)
	Receiver : .  (42)

	NULL  shift 48
	THIS  shift 49
	CASE  shift 52
	NEW  shift 56
	SUPER  shift 57
	READ_INTEGER  shift 60
	READ_LINE  shift 61
	LITERAL  shift 62
	DCOPY  shift 63
	SCOPY  shift 64
	INSTANCEOF  shift 65
	'-'  shift 66
	'@'  shift 67
	'$'  shift 68
	'#'  shift 69
	'!'  shift 70
	'('  shift 71
	IDENTIFIER  reduce 42

	LValue  goto 89
	Expr  goto 146
	Call  goto 91
	Receiver  goto 87
	Constant  goto 88
	ExprList  goto 148


state 103
	Expr : READ_INTEGER '(' . ')'  (68)

	')'  shift 149
	.  error


state 104
	Expr : READ_LINE '(' . ')'  (69)

	')'  shift 150
	.  error


state 105
	Expr : DCOPY '(' . Expr ')'  (77)
	Receiver : .  (42)

	NULL  shift 48
	THIS  shift 49
	CASE  shift 52
	NEW  shift 56
	SUPER  shift 57
	READ_INTEGER  shift 60
	READ_LINE  shift 61
	LITERAL  shift 62
	DCOPY  shift 63
	SCOPY  shift 64
	INSTANCEOF  shift 65
	'-'  shift 66
	'@'  shift 67
	'$'  shift 68
	'#'  shift 69
	'!'  shift 70
	'('  shift 71
	IDENTIFIER  reduce 42

	LValue  goto 89
	Expr  goto 151
	Call  goto 91
	Receiver  goto 87
	Constant  goto 88


state 106
	Expr : SCOPY '(' . Expr ')'  (78)
	Receiver : .  (42)

	NULL  shift 48
	THIS  shift 49
	CASE  shift 52
	NEW  shift 56
	SUPER  shift 57
	READ_INTEGER  shift 60
	READ_LINE  shift 61
	LITERAL  shift 62
	DCOPY  shift 63
	SCOPY  shift 64
	INSTANCEOF  shift 65
	'-'  shift 66
	'@'  shift 67
	'$'  shift 68
	'#'  shift 69
	'!'  shift 70
	'('  shift 71
	IDENTIFIER  reduce 42

	LValue  goto 89
	Expr  goto 152
	Call  goto 91
	Receiver  goto 87
	Constant  goto 88


state 107
	Expr : INSTANCEOF '(' . Expr ',' IDENTIFIER ')'  (74)
	Receiver : .  (42)

	NULL  shift 48
	THIS  shift 49
	CASE  shift 52
	NEW  shift 56
	SUPER  shift 57
	READ_INTEGER  shift 60
	READ_LINE  shift 61
	LITERAL  shift 62
	DCOPY  shift 63
	SCOPY  shift 64
	INSTANCEOF  shift 65
	'-'  shift 66
	'@'  shift 67
	'$'  shift 68
	'#'  shift 69
	'!'  shift 70
	'('  shift 71
	IDENTIFIER  reduce 42

	LValue  goto 89
	Expr  goto 153
	Call  goto 91
	Receiver  goto 87
	Constant  goto 88


state 108
	Receiver : Expr . '.'  (41)
	LValue : Expr . '[' Expr ']'  (44)
	Expr : Expr . '+' Expr  (49)
	Expr : Expr . '-' Expr  (50)
	Expr : Expr . '*' Expr  (51)
	Expr : Expr . '/' Expr  (52)
	Expr : Expr . '%' Expr  (53)
	Expr : Expr . EQUAL Expr  (54)
	Expr : Expr . NOT_EQUAL Expr  (55)
	Expr : Expr . '<' Expr  (56)
	Expr : Expr . '>' Expr  (57)
	Expr : Expr . LESS_EQUAL Expr  (58)
	Expr : Expr . GREATER_EQUAL Expr  (59)
	Expr : Expr . AND Expr  (60)
	Expr : Expr . OR Expr  (61)
	Expr : '-' Expr .  (63)

	'.'  shift 134
	'['  shift 135
	AND  reduce 63
	OR  reduce 63
	LESS_EQUAL  reduce 63
	GREATER_EQUAL  reduce 63
	EQUAL  reduce 63
	NOT_EQUAL  reduce 63
	'+'  reduce 63
	'-'  reduce 63
	'*'  reduce 63
	'/'  reduce 63
	'%'  reduce 63
	'>'  reduce 63
	'<'  reduce 63
	':'  reduce 63
	','  reduce 63
	';'  reduce 63
	')'  reduce 63
	']'  reduce 63


109: shift/reduce conflict (shift 121, reduce 65) on AND
109: shift/reduce conflict (shift 122, reduce 65) on OR
109: shift/reduce conflict (shift 123, reduce 65) on LESS_EQUAL
109: shift/reduce conflict (shift 124, reduce 65) on GREATER_EQUAL
109: shift/reduce conflict (shift 125, reduce 65) on EQUAL
109: shift/reduce conflict (shift 126, reduce 65) on NOT_EQUAL
109: shift/reduce conflict (shift 127, reduce 65) on '+'
109: shift/reduce conflict (shift 128, reduce 65) on '-'
109: shift/reduce conflict (shift 129, reduce 65) on '*'
109: shift/reduce conflict (shift 130, reduce 65) on '/'
109: shift/reduce conflict (shift 131, reduce 65) on '%'
109: shift/reduce conflict (shift 132, reduce 65) on '>'
109: shift/reduce conflict (shift 133, reduce 65) on '<'
109: shift/reduce conflict (shift 134, reduce 65) on '.'
109: shift/reduce conflict (shift 135, reduce 65) on '['
state 109
	Receiver : Expr . '.'  (41)
	LValue : Expr . '[' Expr ']'  (44)
	Expr : Expr . '+' Expr  (49)
	Expr : Expr . '-' Expr  (50)
	Expr : Expr . '*' Expr  (51)
	Expr : Expr . '/' Expr  (52)
	Expr : Expr . '%' Expr  (53)
	Expr : Expr . EQUAL Expr  (54)
	Expr : Expr . NOT_EQUAL Expr  (55)
	Expr : Expr . '<' Expr  (56)
	Expr : Expr . '>' Expr  (57)
	Expr : Expr . LESS_EQUAL Expr  (58)
	Expr : Expr . GREATER_EQUAL Expr  (59)
	Expr : Expr . AND Expr  (60)
	Expr : Expr . OR Expr  (61)
	Expr : '@' Expr .  (65)

	AND  shift 121
	OR  shift 122
	LESS_EQUAL  shift 123
	GREATER_EQUAL  shift 124
	EQUAL  shift 125
	NOT_EQUAL  shift 126
	'+'  shift 127
	'-'  shift 128
	'*'  shift 129
	'/'  shift 130
	'%'  shift 131
	'>'  shift 132
	'<'  shift 133
	'.'  shift 134
	'['  shift 135
	':'  reduce 65
	','  reduce 65
	';'  reduce 65
	')'  reduce 65
	']'  reduce 65


110: shift/reduce conflict (shift 121, reduce 66) on AND
110: shift/reduce conflict (shift 122, reduce 66) on OR
110: shift/reduce conflict (shift 123, reduce 66) on LESS_EQUAL
110: shift/reduce conflict (shift 124, reduce 66) on GREATER_EQUAL
110: shift/reduce conflict (shift 125, reduce 66) on EQUAL
110: shift/reduce conflict (shift 126, reduce 66) on NOT_EQUAL
110: shift/reduce conflict (shift 127, reduce 66) on '+'
110: shift/reduce conflict (shift 128, reduce 66) on '-'
110: shift/reduce conflict (shift 129, reduce 66) on '*'
110: shift/reduce conflict (shift 130, reduce 66) on '/'
110: shift/reduce conflict (shift 131, reduce 66) on '%'
110: shift/reduce conflict (shift 132, reduce 66) on '>'
110: shift/reduce conflict (shift 133, reduce 66) on '<'
110: shift/reduce conflict (shift 134, reduce 66) on '.'
110: shift/reduce conflict (shift 135, reduce 66) on '['
state 110
	Receiver : Expr . '.'  (41)
	LValue : Expr . '[' Expr ']'  (44)
	Expr : Expr . '+' Expr  (49)
	Expr : Expr . '-' Expr  (50)
	Expr : Expr . '*' Expr  (51)
	Expr : Expr . '/' Expr  (52)
	Expr : Expr . '%' Expr  (53)
	Expr : Expr . EQUAL Expr  (54)
	Expr : Expr . NOT_EQUAL Expr  (55)
	Expr : Expr . '<' Expr  (56)
	Expr : Expr . '>' Expr  (57)
	Expr : Expr . LESS_EQUAL Expr  (58)
	Expr : Expr . GREATER_EQUAL Expr  (59)
	Expr : Expr . AND Expr  (60)
	Expr : Expr . OR Expr  (61)
	Expr : '$' Expr .  (66)

	AND  shift 121
	OR  shift 122
	LESS_EQUAL  shift 123
	GREATER_EQUAL  shift 124
	EQUAL  shift 125
	NOT_EQUAL  shift 126
	'+'  shift 127
	'-'  shift 128
	'*'  shift 129
	'/'  shift 130
	'%'  shift 131
	'>'  shift 132
	'<'  shift 133
	'.'  shift 134
	'['  shift 135
	':'  reduce 66
	','  reduce 66
	';'  reduce 66
	')'  reduce 66
	']'  reduce 66


111: shift/reduce conflict (shift 121, reduce 67) on AND
111: shift/reduce conflict (shift 122, reduce 67) on OR
111: shift/reduce conflict (shift 123, reduce 67) on LESS_EQUAL
111: shift/reduce conflict (shift 124, reduce 67) on GREATER_EQUAL
111: shift/reduce conflict (shift 125, reduce 67) on EQUAL
111: shift/reduce conflict (shift 126, reduce 67) on NOT_EQUAL
111: shift/reduce conflict (shift 127, reduce 67) on '+'
111: shift/reduce conflict (shift 128, reduce 67) on '-'
111: shift/reduce conflict (shift 129, reduce 67) on '*'
111: shift/reduce conflict (shift 130, reduce 67) on '/'
111: shift/reduce conflict (shift 131, reduce 67) on '%'
111: shift/reduce conflict (shift 132, reduce 67) on '>'
111: shift/reduce conflict (shift 133, reduce 67) on '<'
111: shift/reduce conflict (shift 134, reduce 67) on '.'
111: shift/reduce conflict (shift 135, reduce 67) on '['
state 111
	Receiver : Expr . '.'  (41)
	LValue : Expr . '[' Expr ']'  (44)
	Expr : Expr . '+' Expr  (49)
	Expr : Expr . '-' Expr  (50)
	Expr : Expr . '*' Expr  (51)
	Expr : Expr . '/' Expr  (52)
	Expr : Expr . '%' Expr  (53)
	Expr : Expr . EQUAL Expr  (54)
	Expr : Expr . NOT_EQUAL Expr  (55)
	Expr : Expr . '<' Expr  (56)
	Expr : Expr . '>' Expr  (57)
	Expr : Expr . LESS_EQUAL Expr  (58)
	Expr : Expr . GREATER_EQUAL Expr  (59)
	Expr : Expr . AND Expr  (60)
	Expr : Expr . OR Expr  (61)
	Expr : '#' Expr .  (67)

	AND  shift 121
	OR  shift 122
	LESS_EQUAL  shift 123
	GREATER_EQUAL  shift 124
	EQUAL  shift 125
	NOT_EQUAL  shift 126
	'+'  shift 127
	'-'  shift 128
	'*'  shift 129
	'/'  shift 130
	'%'  shift 131
	'>'  shift 132
	'<'  shift 133
	'.'  shift 134
	'['  shift 135
	':'  reduce 67
	','  reduce 67
	';'  reduce 67
	')'  reduce 67
	']'  reduce 67


state 112
	Receiver : Expr . '.'  (41)
	LValue : Expr . '[' Expr ']'  (44)
	Expr : Expr . '+' Expr  (49)
	Expr : Expr . '-' Expr  (50)
	Expr : Expr . '*' Expr  (51)
	Expr : Expr . '/' Expr  (52)
	Expr : Expr . '%' Expr  (53)
	Expr : Expr . EQUAL Expr  (54)
	Expr : Expr . NOT_EQUAL Expr  (55)
	Expr : Expr . '<' Expr  (56)
	Expr : Expr . '>' Expr  (57)
	Expr : Expr . LESS_EQUAL Expr  (58)
	Expr : Expr . GREATER_EQUAL Expr  (59)
	Expr : Expr . AND Expr  (60)
	Expr : Expr . OR Expr  (61)
	Expr : '!' Expr .  (64)

	'.'  shift 134
	'['  shift 135
	AND  reduce 64
	OR  reduce 64
	LESS_EQUAL  reduce 64
	GREATER_EQUAL  reduce 64
	EQUAL  reduce 64
	NOT_EQUAL  reduce 64
	'+'  reduce 64
	'-'  reduce 64
	'*'  reduce 64
	'/'  reduce 64
	'%'  reduce 64
	'>'  reduce 64
	'<'  reduce 64
	':'  reduce 64
	','  reduce 64
	';'  reduce 64
	')'  reduce 64
	']'  reduce 64


state 113
	Expr : '(' CLASS . IDENTIFIER ')' Expr  (75)

	IDENTIFIER  shift 154
	.  error


state 114
	Receiver : Expr . '.'  (41)
	LValue : Expr . '[' Expr ']'  (44)
	Expr : Expr . '+' Expr  (49)
	Expr : Expr . '-' Expr  (50)
	Expr : Expr . '*' Expr  (51)
	Expr : Expr . '/' Expr  (52)
	Expr : Expr . '%' Expr  (53)
	Expr : Expr . EQUAL Expr  (54)
	Expr : Expr . NOT_EQUAL Expr  (55)
	Expr : Expr . '<' Expr  (56)
	Expr : Expr . '>' Expr  (57)
	Expr : Expr . LESS_EQUAL Expr  (58)
	Expr : Expr . GREATER_EQUAL Expr  (59)
	Expr : Expr . AND Expr  (60)
	Expr : Expr . OR Expr  (61)
	Expr : '(' Expr . ')'  (62)

	AND  shift 121
	OR  shift 122
	LESS_EQUAL  shift 123
	GREATER_EQUAL  shift 124
	EQUAL  shift 125
	NOT_EQUAL  shift 126
	'+'  shift 127
	'-'  shift 128
	'*'  shift 129
	'/'  shift 130
	'%'  shift 131
	'>'  shift 132
	'<'  shift 133
	'.'  shift 134
	')'  shift 155
	'['  shift 135
	.  error


state 115
	Stmt : SimpleStmt ';' .  (29)

	.  reduce 29


state 116
	Stmt : ReturnStmt ';' .  (33)

	.  reduce 33


state 117
	Stmt : PrintStmt ';' .  (34)

	.  reduce 34


state 118
	Stmt : BreakStmt ';' .  (35)

	.  reduce 35


state 119
	Stmt : DOODStmt ';' .  (37)

	.  reduce 37


state 120
	SimpleStmt : LValue '=' . Expr  (38)
	Receiver : .  (42)

	NULL  shift 48
	THIS  shift 49
	CASE  shift 52
	NEW  shift 56
	SUPER  shift 57
	READ_INTEGER  shift 60
	READ_LINE  shift 61
	LITERAL  shift 62
	DCOPY  shift 63
	SCOPY  shift 64
	INSTANCEOF  shift 65
	'-'  shift 66
	'@'  shift 67
	'$'  shift 68
	'#'  shift 69
	'!'  shift 70
	'('  shift 71
	IDENTIFIER  reduce 42

	LValue  goto 89
	Expr  goto 156
	Call  goto 91
	Receiver  goto 87
	Constant  goto 88


state 121
	Expr : Expr AND . Expr  (60)
	Receiver : .  (42)

	NULL  shift 48
	THIS  shift 49
	CASE  shift 52
	NEW  shift 56
	SUPER  shift 57
	READ_INTEGER  shift 60
	READ_LINE  shift 61
	LITERAL  shift 62
	DCOPY  shift 63
	SCOPY  shift 64
	INSTANCEOF  shift 65
	'-'  shift 66
	'@'  shift 67
	'$'  shift 68
	'#'  shift 69
	'!'  shift 70
	'('  shift 71
	IDENTIFIER  reduce 42

	LValue  goto 89
	Expr  goto 157
	Call  goto 91
	Receiver  goto 87
	Constant  goto 88


state 122
	Expr : Expr OR . Expr  (61)
	Receiver : .  (42)

	NULL  shift 48
	THIS  shift 49
	CASE  shift 52
	NEW  shift 56
	SUPER  shift 57
	READ_INTEGER  shift 60
	READ_LINE  shift 61
	LITERAL  shift 62
	DCOPY  shift 63
	SCOPY  shift 64
	INSTANCEOF  shift 65
	'-'  shift 66
	'@'  shift 67
	'$'  shift 68
	'#'  shift 69
	'!'  shift 70
	'('  shift 71
	IDENTIFIER  reduce 42

	LValue  goto 89
	Expr  goto 158
	Call  goto 91
	Receiver  goto 87
	Constant  goto 88


state 123
	Expr : Expr LESS_EQUAL . Expr  (58)
	Receiver : .  (42)

	NULL  shift 48
	THIS  shift 49
	CASE  shift 52
	NEW  shift 56
	SUPER  shift 57
	READ_INTEGER  shift 60
	READ_LINE  shift 61
	LITERAL  shift 62
	DCOPY  shift 63
	SCOPY  shift 64
	INSTANCEOF  shift 65
	'-'  shift 66
	'@'  shift 67
	'$'  shift 68
	'#'  shift 69
	'!'  shift 70
	'('  shift 71
	IDENTIFIER  reduce 42

	LValue  goto 89
	Expr  goto 159
	Call  goto 91
	Receiver  goto 87
	Constant  goto 88


state 124
	Expr : Expr GREATER_EQUAL . Expr  (59)
	Receiver : .  (42)

	NULL  shift 48
	THIS  shift 49
	CASE  shift 52
	NEW  shift 56
	SUPER  shift 57
	READ_INTEGER  shift 60
	READ_LINE  shift 61
	LITERAL  shift 62
	DCOPY  shift 63
	SCOPY  shift 64
	INSTANCEOF  shift 65
	'-'  shift 66
	'@'  shift 67
	'$'  shift 68
	'#'  shift 69
	'!'  shift 70
	'('  shift 71
	IDENTIFIER  reduce 42

	LValue  goto 89
	Expr  goto 160
	Call  goto 91
	Receiver  goto 87
	Constant  goto 88


state 125
	Expr : Expr EQUAL . Expr  (54)
	Receiver : .  (42)

	NULL  shift 48
	THIS  shift 49
	CASE  shift 52
	NEW  shift 56
	SUPER  shift 57
	READ_INTEGER  shift 60
	READ_LINE  shift 61
	LITERAL  shift 62
	DCOPY  shift 63
	SCOPY  shift 64
	INSTANCEOF  shift 65
	'-'  shift 66
	'@'  shift 67
	'$'  shift 68
	'#'  shift 69
	'!'  shift 70
	'('  shift 71
	IDENTIFIER  reduce 42

	LValue  goto 89
	Expr  goto 161
	Call  goto 91
	Receiver  goto 87
	Constant  goto 88


state 126
	Expr : Expr NOT_EQUAL . Expr  (55)
	Receiver : .  (42)

	NULL  shift 48
	THIS  shift 49
	CASE  shift 52
	NEW  shift 56
	SUPER  shift 57
	READ_INTEGER  shift 60
	READ_LINE  shift 61
	LITERAL  shift 62
	DCOPY  shift 63
	SCOPY  shift 64
	INSTANCEOF  shift 65
	'-'  shift 66
	'@'  shift 67
	'$'  shift 68
	'#'  shift 69
	'!'  shift 70
	'('  shift 71
	IDENTIFIER  reduce 42

	LValue  goto 89
	Expr  goto 162
	Call  goto 91
	Receiver  goto 87
	Constant  goto 88


state 127
	Expr : Expr '+' . Expr  (49)
	Receiver : .  (42)

	NULL  shift 48
	THIS  shift 49
	CASE  shift 52
	NEW  shift 56
	SUPER  shift 57
	READ_INTEGER  shift 60
	READ_LINE  shift 61
	LITERAL  shift 62
	DCOPY  shift 63
	SCOPY  shift 64
	INSTANCEOF  shift 65
	'-'  shift 66
	'@'  shift 67
	'$'  shift 68
	'#'  shift 69
	'!'  shift 70
	'('  shift 71
	IDENTIFIER  reduce 42

	LValue  goto 89
	Expr  goto 163
	Call  goto 91
	Receiver  goto 87
	Constant  goto 88


state 128
	Expr : Expr '-' . Expr  (50)
	Receiver : .  (42)

	NULL  shift 48
	THIS  shift 49
	CASE  shift 52
	NEW  shift 56
	SUPER  shift 57
	READ_INTEGER  shift 60
	READ_LINE  shift 61
	LITERAL  shift 62
	DCOPY  shift 63
	SCOPY  shift 64
	INSTANCEOF  shift 65
	'-'  shift 66
	'@'  shift 67
	'$'  shift 68
	'#'  shift 69
	'!'  shift 70
	'('  shift 71
	IDENTIFIER  reduce 42

	LValue  goto 89
	Expr  goto 164
	Call  goto 91
	Receiver  goto 87
	Constant  goto 88


state 129
	Expr : Expr '*' . Expr  (51)
	Receiver : .  (42)

	NULL  shift 48
	THIS  shift 49
	CASE  shift 52
	NEW  shift 56
	SUPER  shift 57
	READ_INTEGER  shift 60
	READ_LINE  shift 61
	LITERAL  shift 62
	DCOPY  shift 63
	SCOPY  shift 64
	INSTANCEOF  shift 65
	'-'  shift 66
	'@'  shift 67
	'$'  shift 68
	'#'  shift 69
	'!'  shift 70
	'('  shift 71
	IDENTIFIER  reduce 42

	LValue  goto 89
	Expr  goto 165
	Call  goto 91
	Receiver  goto 87
	Constant  goto 88


state 130
	Expr : Expr '/' . Expr  (52)
	Receiver : .  (42)

	NULL  shift 48
	THIS  shift 49
	CASE  shift 52
	NEW  shift 56
	SUPER  shift 57
	READ_INTEGER  shift 60
	READ_LINE  shift 61
	LITERAL  shift 62
	DCOPY  shift 63
	SCOPY  shift 64
	INSTANCEOF  shift 65
	'-'  shift 66
	'@'  shift 67
	'$'  shift 68
	'#'  shift 69
	'!'  shift 70
	'('  shift 71
	IDENTIFIER  reduce 42

	LValue  goto 89
	Expr  goto 166
	Call  goto 91
	Receiver  goto 87
	Constant  goto 88


state 131
	Expr : Expr '%' . Expr  (53)
	Receiver : .  (42)

	NULL  shift 48
	THIS  shift 49
	CASE  shift 52
	NEW  shift 56
	SUPER  shift 57
	READ_INTEGER  shift 60
	READ_LINE  shift 61
	LITERAL  shift 62
	DCOPY  shift 63
	SCOPY  shift 64
	INSTANCEOF  shift 65
	'-'  shift 66
	'@'  shift 67
	'$'  shift 68
	'#'  shift 69
	'!'  shift 70
	'('  shift 71
	IDENTIFIER  reduce 42

	LValue  goto 89
	Expr  goto 167
	Call  goto 91
	Receiver  goto 87
	Constant  goto 88


state 132
	Expr : Expr '>' . Expr  (57)
	Receiver : .  (42)

	NULL  shift 48
	THIS  shift 49
	CASE  shift 52
	NEW  shift 56
	SUPER  shift 57
	READ_INTEGER  shift 60
	READ_LINE  shift 61
	LITERAL  shift 62
	DCOPY  shift 63
	SCOPY  shift 64
	INSTANCEOF  shift 65
	'-'  shift 66
	'@'  shift 67
	'$'  shift 68
	'#'  shift 69
	'!'  shift 70
	'('  shift 71
	IDENTIFIER  reduce 42

	LValue  goto 89
	Expr  goto 168
	Call  goto 91
	Receiver  goto 87
	Constant  goto 88


state 133
	Expr : Expr '<' . Expr  (56)
	Receiver : .  (42)

	NULL  shift 48
	THIS  shift 49
	CASE  shift 52
	NEW  shift 56
	SUPER  shift 57
	READ_INTEGER  shift 60
	READ_LINE  shift 61
	LITERAL  shift 62
	DCOPY  shift 63
	SCOPY  shift 64
	INSTANCEOF  shift 65
	'-'  shift 66
	'@'  shift 67
	'$'  shift 68
	'#'  shift 69
	'!'  shift 70
	'('  shift 71
	IDENTIFIER  reduce 42

	LValue  goto 89
	Expr  goto 169
	Call  goto 91
	Receiver  goto 87
	Constant  goto 88


state 134
	Receiver : Expr '.' .  (41)

	.  reduce 41


state 135
	LValue : Expr '[' . Expr ']'  (44)
	Receiver : .  (42)

	NULL  shift 48
	THIS  shift 49
	CASE  shift 52
	NEW  shift 56
	SUPER  shift 57
	READ_INTEGER  shift 60
	READ_LINE  shift 61
	LITERAL  shift 62
	DCOPY  shift 63
	SCOPY  shift 64
	INSTANCEOF  shift 65
	'-'  shift 66
	'@'  shift 67
	'$'  shift 68
	'#'  shift 69
	'!'  shift 70
	'('  shift 71
	IDENTIFIER  reduce 42

	LValue  goto 89
	Expr  goto 170
	Call  goto 91
	Receiver  goto 87
	Constant  goto 88


state 136
	LValue : Receiver IDENTIFIER .  (43)
	Call : Receiver IDENTIFIER . '(' Actuals ')'  (45)

	'('  shift 171
	AND  reduce 43
	OR  reduce 43
	LESS_EQUAL  reduce 43
	GREATER_EQUAL  reduce 43
	EQUAL  reduce 43
	NOT_EQUAL  reduce 43
	'+'  reduce 43
	'-'  reduce 43
	'*'  reduce 43
	'/'  reduce 43
	'%'  reduce 43
	'='  reduce 43
	'>'  reduce 43
	'<'  reduce 43
	'.'  reduce 43
	':'  reduce 43
	','  reduce 43
	';'  reduce 43
	')'  reduce 43
	'['  reduce 43
	']'  reduce 43


state 137
	DOODSubStmt : Expr ':' . Stmt  (102)
	SimpleStmt : .  (40)
	Receiver : .  (42)

	VOID  shift 12
	BOOL  shift 13
	INT  shift 14
	COMPLEX  shift 15
	STRING  shift 16
	CLASS  shift 17
	DO  shift 47
	NULL  shift 48
	THIS  shift 49
	WHILE  shift 50
	FOR  shift 51
	CASE  shift 52
	IF  shift 53
	RETURN  shift 54
	BREAK  shift 55
	NEW  shift 56
	SUPER  shift 57
	PRINT  shift 58
	PRINT_COMP  shift 59
	READ_INTEGER  shift 60
	READ_LINE  shift 61
	LITERAL  shift 62
	DCOPY  shift 63
	SCOPY  shift 64
	INSTANCEOF  shift 65
	'-'  shift 66
	'@'  shift 67
	'$'  shift 68
	'#'  shift 69
	'!'  shift 70
	'('  shift 71
	'{'  shift 42
	IDENTIFIER  reduce 42
	';'  reduce 40

	VariableDef  goto 73
	Variable  goto 21
	Type  goto 34
	StmtBlock  goto 74
	Stmt  goto 172
	SimpleStmt  goto 76
	IfStmt  goto 77
	WhileStmt  goto 78
	ForStmt  goto 79
	ReturnStmt  goto 80
	PrintStmt  goto 81
	BreakStmt  goto 82
	DOODStmt  goto 83
	LValue  goto 84
	Expr  goto 85
	Call  goto 86
	Receiver  goto 87
	Constant  goto 88


state 138
	DOODStmt : DO DOODBranch OD .  (99)

	.  reduce 99


state 139
	DOODBranch : DOODBranch DOOD . DOODSubStmt  (100)
	Receiver : .  (42)

	NULL  shift 48
	THIS  shift 49
	CASE  shift 52
	NEW  shift 56
	SUPER  shift 57
	READ_INTEGER  shift 60
	READ_LINE  shift 61
	LITERAL  shift 62
	DCOPY  shift 63
	SCOPY  shift 64
	INSTANCEOF  shift 65
	'-'  shift 66
	'@'  shift 67
	'$'  shift 68
	'#'  shift 69
	'!'  shift 70
	'('  shift 71
	IDENTIFIER  reduce 42

	LValue  goto 89
	Expr  goto 90
	Call  goto 91
	Receiver  goto 87
	Constant  goto 88
	DOODSubStmt  goto 173


state 140
	Receiver : Expr . '.'  (41)
	LValue : Expr . '[' Expr ']'  (44)
	Expr : Expr . '+' Expr  (49)
	Expr : Expr . '-' Expr  (50)
	Expr : Expr . '*' Expr  (51)
	Expr : Expr . '/' Expr  (52)
	Expr : Expr . '%' Expr  (53)
	Expr : Expr . EQUAL Expr  (54)
	Expr : Expr . NOT_EQUAL Expr  (55)
	Expr : Expr . '<' Expr  (56)
	Expr : Expr . '>' Expr  (57)
	Expr : Expr . LESS_EQUAL Expr  (58)
	Expr : Expr . GREATER_EQUAL Expr  (59)
	Expr : Expr . AND Expr  (60)
	Expr : Expr . OR Expr  (61)
	WhileStmt : WHILE '(' Expr . ')' Stmt  (85)

	AND  shift 121
	OR  shift 122
	LESS_EQUAL  shift 123
	GREATER_EQUAL  shift 124
	EQUAL  shift 125
	NOT_EQUAL  shift 126
	'+'  shift 127
	'-'  shift 128
	'*'  shift 129
	'/'  shift 130
	'%'  shift 131
	'>'  shift 132
	'<'  shift 133
	'.'  shift 134
	')'  shift 174
	'['  shift 135
	.  error


state 141
	ForStmt : FOR '(' SimpleStmt . ';' Expr ';' SimpleStmt ')' Stmt  (86)

	';'  shift 175
	.  error


state 142
	Receiver : Expr . '.'  (41)
	LValue : Expr . '[' Expr ']'  (44)
	Expr : Expr . '+' Expr  (49)
	Expr : Expr . '-' Expr  (50)
	Expr : Expr . '*' Expr  (51)
	Expr : Expr . '/' Expr  (52)
	Expr : Expr . '%' Expr  (53)
	Expr : Expr . EQUAL Expr  (54)
	Expr : Expr . NOT_EQUAL Expr  (55)
	Expr : Expr . '<' Expr  (56)
	Expr : Expr . '>' Expr  (57)
	Expr : Expr . LESS_EQUAL Expr  (58)
	Expr : Expr . GREATER_EQUAL Expr  (59)
	Expr : Expr . AND Expr  (60)
	Expr : Expr . OR Expr  (61)
	Expr : CASE '(' Expr . ')' '{' CaseList DefaultExpr '}'  (76)

	AND  shift 121
	OR  shift 122
	LESS_EQUAL  shift 123
	GREATER_EQUAL  shift 124
	EQUAL  shift 125
	NOT_EQUAL  shift 126
	'+'  shift 127
	'-'  shift 128
	'*'  shift 129
	'/'  shift 130
	'%'  shift 131
	'>'  shift 132
	'<'  shift 133
	'.'  shift 134
	')'  shift 176
	'['  shift 135
	.  error


state 143
	Receiver : Expr . '.'  (41)
	LValue : Expr . '[' Expr ']'  (44)
	Expr : Expr . '+' Expr  (49)
	Expr : Expr . '-' Expr  (50)
	Expr : Expr . '*' Expr  (51)
	Expr : Expr . '/' Expr  (52)
	Expr : Expr . '%' Expr  (53)
	Expr : Expr . EQUAL Expr  (54)
	Expr : Expr . NOT_EQUAL Expr  (55)
	Expr : Expr . '<' Expr  (56)
	Expr : Expr . '>' Expr  (57)
	Expr : Expr . LESS_EQUAL Expr  (58)
	Expr : Expr . GREATER_EQUAL Expr  (59)
	Expr : Expr . AND Expr  (60)
	Expr : Expr . OR Expr  (61)
	IfStmt : IF '(' Expr . ')' Stmt ElseClause  (88)

	AND  shift 121
	OR  shift 122
	LESS_EQUAL  shift 123
	GREATER_EQUAL  shift 124
	EQUAL  shift 125
	NOT_EQUAL  shift 126
	'+'  shift 127
	'-'  shift 128
	'*'  shift 129
	'/'  shift 130
	'%'  shift 131
	'>'  shift 132
	'<'  shift 133
	'.'  shift 134
	')'  shift 177
	'['  shift 135
	.  error


state 144
	Expr : NEW IDENTIFIER '(' . ')'  (72)

	')'  shift 178
	.  error


state 145
	Type : Type '[' . ']'  (12)
	Expr : NEW Type '[' . Expr ']'  (73)
	Receiver : .  (42)

	NULL  shift 48
	THIS  shift 49
	CASE  shift 52
	NEW  shift 56
	SUPER  shift 57
	READ_INTEGER  shift 60
	READ_LINE  shift 61
	LITERAL  shift 62
	DCOPY  shift 63
	SCOPY  shift 64
	INSTANCEOF  shift 65
	'-'  shift 66
	'@'  shift 67
	'$'  shift 68
	'#'  shift 69
	'!'  shift 70
	'('  shift 71
	']'  shift 31
	IDENTIFIER  reduce 42

	LValue  goto 89
	Expr  goto 179
	Call  goto 91
	Receiver  goto 87
	Constant  goto 88


state 146
	Receiver : Expr . '.'  (41)
	LValue : Expr . '[' Expr ']'  (44)
	Expr : Expr . '+' Expr  (49)
	Expr : Expr . '-' Expr  (50)
	Expr : Expr . '*' Expr  (51)
	Expr : Expr . '/' Expr  (52)
	Expr : Expr . '%' Expr  (53)
	Expr : Expr . EQUAL Expr  (54)
	Expr : Expr . NOT_EQUAL Expr  (55)
	Expr : Expr . '<' Expr  (56)
	Expr : Expr . '>' Expr  (57)
	Expr : Expr . LESS_EQUAL Expr  (58)
	Expr : Expr . GREATER_EQUAL Expr  (59)
	Expr : Expr . AND Expr  (60)
	Expr : Expr . OR Expr  (61)
	ExprList : Expr .  (84)

	AND  shift 121
	OR  shift 122
	LESS_EQUAL  shift 123
	GREATER_EQUAL  shift 124
	EQUAL  shift 125
	NOT_EQUAL  shift 126
	'+'  shift 127
	'-'  shift 128
	'*'  shift 129
	'/'  shift 130
	'%'  shift 131
	'>'  shift 132
	'<'  shift 133
	'.'  shift 134
	'['  shift 135
	','  reduce 84
	')'  reduce 84


state 147
	ExprList : ExprList . ',' Expr  (83)
	PrintStmt : PRINT '(' ExprList . ')'  (93)

	','  shift 180
	')'  shift 181
	.  error


state 148
	ExprList : ExprList . ',' Expr  (83)
	PrintStmt : PRINT_COMP '(' ExprList . ')'  (94)

	','  shift 180
	')'  shift 182
	.  error


state 149
	Expr : READ_INTEGER '(' ')' .  (68)

	.  reduce 68


state 150
	Expr : READ_LINE '(' ')' .  (69)

	.  reduce 69


state 151
	Receiver : Expr . '.'  (41)
	LValue : Expr . '[' Expr ']'  (44)
	Expr : Expr . '+' Expr  (49)
	Expr : Expr . '-' Expr  (50)
	Expr : Expr . '*' Expr  (51)
	Expr : Expr . '/' Expr  (52)
	Expr : Expr . '%' Expr  (53)
	Expr : Expr . EQUAL Expr  (54)
	Expr : Expr . NOT_EQUAL Expr  (55)
	Expr : Expr . '<' Expr  (56)
	Expr : Expr . '>' Expr  (57)
	Expr : Expr . LESS_EQUAL Expr  (58)
	Expr : Expr . GREATER_EQUAL Expr  (59)
	Expr : Expr . AND Expr  (60)
	Expr : Expr . OR Expr  (61)
	Expr : DCOPY '(' Expr . ')'  (77)

	AND  shift 121
	OR  shift 122
	LESS_EQUAL  shift 123
	GREATER_EQUAL  shift 124
	EQUAL  shift 125
	NOT_EQUAL  shift 126
	'+'  shift 127
	'-'  shift 128
	'*'  shift 129
	'/'  shift 130
	'%'  shift 131
	'>'  shift 132
	'<'  shift 133
	'.'  shift 134
	')'  shift 183
	'['  shift 135
	.  error


state 152
	Receiver : Expr . '.'  (41)
	LValue : Expr . '[' Expr ']'  (44)
	Expr : Expr . '+' Expr  (49)
	Expr : Expr . '-' Expr  (50)
	Expr : Expr . '*' Expr  (51)
	Expr : Expr . '/' Expr  (52)
	Expr : Expr . '%' Expr  (53)
	Expr : Expr . EQUAL Expr  (54)
	Expr : Expr . NOT_EQUAL Expr  (55)
	Expr : Expr . '<' Expr  (56)
	Expr : Expr . '>' Expr  (57)
	Expr : Expr . LESS_EQUAL Expr  (58)
	Expr : Expr . GREATER_EQUAL Expr  (59)
	Expr : Expr . AND Expr  (60)
	Expr : Expr . OR Expr  (61)
	Expr : SCOPY '(' Expr . ')'  (78)

	AND  shift 121
	OR  shift 122
	LESS_EQUAL  shift 123
	GREATER_EQUAL  shift 124
	EQUAL  shift 125
	NOT_EQUAL  shift 126
	'+'  shift 127
	'-'  shift 128
	'*'  shift 129
	'/'  shift 130
	'%'  shift 131
	'>'  shift 132
	'<'  shift 133
	'.'  shift 134
	')'  shift 184
	'['  shift 135
	.  error


state 153
	Receiver : Expr . '.'  (41)
	LValue : Expr . '[' Expr ']'  (44)
	Expr : Expr . '+' Expr  (49)
	Expr : Expr . '-' Expr  (50)
	Expr : Expr . '*' Expr  (51)
	Expr : Expr . '/' Expr  (52)
	Expr : Expr . '%' Expr  (53)
	Expr : Expr . EQUAL Expr  (54)
	Expr : Expr . NOT_EQUAL Expr  (55)
	Expr : Expr . '<' Expr  (56)
	Expr : Expr . '>' Expr  (57)
	Expr : Expr . LESS_EQUAL Expr  (58)
	Expr : Expr . GREATER_EQUAL Expr  (59)
	Expr : Expr . AND Expr  (60)
	Expr : Expr . OR Expr  (61)
	Expr : INSTANCEOF '(' Expr . ',' IDENTIFIER ')'  (74)

	AND  shift 121
	OR  shift 122
	LESS_EQUAL  shift 123
	GREATER_EQUAL  shift 124
	EQUAL  shift 125
	NOT_EQUAL  shift 126
	'+'  shift 127
	'-'  shift 128
	'*'  shift 129
	'/'  shift 130
	'%'  shift 131
	'>'  shift 132
	'<'  shift 133
	'.'  shift 134
	','  shift 185
	'['  shift 135
	.  error


state 154
	Expr : '(' CLASS IDENTIFIER . ')' Expr  (75)

	')'  shift 186
	.  error


state 155
	Expr : '(' Expr ')' .  (62)

	.  reduce 62


state 156
	SimpleStmt : LValue '=' Expr .  (38)
	Receiver : Expr . '.'  (41)
	LValue : Expr . '[' Expr ']'  (44)
	Expr : Expr . '+' Expr  (49)
	Expr : Expr . '-' Expr  (50)
	Expr : Expr . '*' Expr  (51)
	Expr : Expr . '/' Expr  (52)
	Expr : Expr . '%' Expr  (53)
	Expr : Expr . EQUAL Expr  (54)
	Expr : Expr . NOT_EQUAL Expr  (55)
	Expr : Expr . '<' Expr  (56)
	Expr : Expr . '>' Expr  (57)
	Expr : Expr . LESS_EQUAL Expr  (58)
	Expr : Expr . GREATER_EQUAL Expr  (59)
	Expr : Expr . AND Expr  (60)
	Expr : Expr . OR Expr  (61)

	AND  shift 121
	OR  shift 122
	LESS_EQUAL  shift 123
	GREATER_EQUAL  shift 124
	EQUAL  shift 125
	NOT_EQUAL  shift 126
	'+'  shift 127
	'-'  shift 128
	'*'  shift 129
	'/'  shift 130
	'%'  shift 131
	'>'  shift 132
	'<'  shift 133
	'.'  shift 134
	'['  shift 135
	';'  reduce 38
	')'  reduce 38


state 157
	Receiver : Expr . '.'  (41)
	LValue : Expr . '[' Expr ']'  (44)
	Expr : Expr . '+' Expr  (49)
	Expr : Expr . '-' Expr  (50)
	Expr : Expr . '*' Expr  (51)
	Expr : Expr . '/' Expr  (52)
	Expr : Expr . '%' Expr  (53)
	Expr : Expr . EQUAL Expr  (54)
	Expr : Expr . NOT_EQUAL Expr  (55)
	Expr : Expr . '<' Expr  (56)
	Expr : Expr . '>' Expr  (57)
	Expr : Expr . LESS_EQUAL Expr  (58)
	Expr : Expr . GREATER_EQUAL Expr  (59)
	Expr : Expr . AND Expr  (60)
	Expr : Expr AND Expr .  (60)
	Expr : Expr . OR Expr  (61)

	LESS_EQUAL  shift 123
	GREATER_EQUAL  shift 124
	EQUAL  shift 125
	NOT_EQUAL  shift 126
	'+'  shift 127
	'-'  shift 128
	'*'  shift 129
	'/'  shift 130
	'%'  shift 131
	'>'  shift 132
	'<'  shift 133
	'.'  shift 134
	'['  shift 135
	AND  reduce 60
	OR  reduce 60
	':'  reduce 60
	','  reduce 60
	';'  reduce 60
	')'  reduce 60
	']'  reduce 60


state 158
	Receiver : Expr . '.'  (41)
	LValue : Expr . '[' Expr ']'  (44)
	Expr : Expr . '+' Expr  (49)
	Expr : Expr . '-' Expr  (50)
	Expr : Expr . '*' Expr  (51)
	Expr : Expr . '/' Expr  (52)
	Expr : Expr . '%' Expr  (53)
	Expr : Expr . EQUAL Expr  (54)
	Expr : Expr . NOT_EQUAL Expr  (55)
	Expr : Expr . '<' Expr  (56)
	Expr : Expr . '>' Expr  (57)
	Expr : Expr . LESS_EQUAL Expr  (58)
	Expr : Expr . GREATER_EQUAL Expr  (59)
	Expr : Expr . AND Expr  (60)
	Expr : Expr . OR Expr  (61)
	Expr : Expr OR Expr .  (61)

	AND  shift 121
	LESS_EQUAL  shift 123
	GREATER_EQUAL  shift 124
	EQUAL  shift 125
	NOT_EQUAL  shift 126
	'+'  shift 127
	'-'  shift 128
	'*'  shift 129
	'/'  shift 130
	'%'  shift 131
	'>'  shift 132
	'<'  shift 133
	'.'  shift 134
	'['  shift 135
	OR  reduce 61
	':'  reduce 61
	','  reduce 61
	';'  reduce 61
	')'  reduce 61
	']'  reduce 61


state 159
	Receiver : Expr . '.'  (41)
	LValue : Expr . '[' Expr ']'  (44)
	Expr : Expr . '+' Expr  (49)
	Expr : Expr . '-' Expr  (50)
	Expr : Expr . '*' Expr  (51)
	Expr : Expr . '/' Expr  (52)
	Expr : Expr . '%' Expr  (53)
	Expr : Expr . EQUAL Expr  (54)
	Expr : Expr . NOT_EQUAL Expr  (55)
	Expr : Expr . '<' Expr  (56)
	Expr : Expr . '>' Expr  (57)
	Expr : Expr . LESS_EQUAL Expr  (58)
	Expr : Expr LESS_EQUAL Expr .  (58)
	Expr : Expr . GREATER_EQUAL Expr  (59)
	Expr : Expr . AND Expr  (60)
	Expr : Expr . OR Expr  (61)

	'+'  shift 127
	'-'  shift 128
	'*'  shift 129
	'/'  shift 130
	'%'  shift 131
	'.'  shift 134
	'['  shift 135
	AND  reduce 58
	OR  reduce 58
	EQUAL  reduce 58
	NOT_EQUAL  reduce 58
	':'  reduce 58
	','  reduce 58
	';'  reduce 58
	')'  reduce 58
	']'  reduce 58


state 160
	Receiver : Expr . '.'  (41)
	LValue : Expr . '[' Expr ']'  (44)
	Expr : Expr . '+' Expr  (49)
	Expr : Expr . '-' Expr  (50)
	Expr : Expr . '*' Expr  (51)
	Expr : Expr . '/' Expr  (52)
	Expr : Expr . '%' Expr  (53)
	Expr : Expr . EQUAL Expr  (54)
	Expr : Expr . NOT_EQUAL Expr  (55)
	Expr : Expr . '<' Expr  (56)
	Expr : Expr . '>' Expr  (57)
	Expr : Expr . LESS_EQUAL Expr  (58)
	Expr : Expr . GREATER_EQUAL Expr  (59)
	Expr : Expr GREATER_EQUAL Expr .  (59)
	Expr : Expr . AND Expr  (60)
	Expr : Expr . OR Expr  (61)

	'+'  shift 127
	'-'  shift 128
	'*'  shift 129
	'/'  shift 130
	'%'  shift 131
	'.'  shift 134
	'['  shift 135
	AND  reduce 59
	OR  reduce 59
	EQUAL  reduce 59
	NOT_EQUAL  reduce 59
	':'  reduce 59
	','  reduce 59
	';'  reduce 59
	')'  reduce 59
	']'  reduce 59


state 161
	Receiver : Expr . '.'  (41)
	LValue : Expr . '[' Expr ']'  (44)
	Expr : Expr . '+' Expr  (49)
	Expr : Expr . '-' Expr  (50)
	Expr : Expr . '*' Expr  (51)
	Expr : Expr . '/' Expr  (52)
	Expr : Expr . '%' Expr  (53)
	Expr : Expr . EQUAL Expr  (54)
	Expr : Expr EQUAL Expr .  (54)
	Expr : Expr . NOT_EQUAL Expr  (55)
	Expr : Expr . '<' Expr  (56)
	Expr : Expr . '>' Expr  (57)
	Expr : Expr . LESS_EQUAL Expr  (58)
	Expr : Expr . GREATER_EQUAL Expr  (59)
	Expr : Expr . AND Expr  (60)
	Expr : Expr . OR Expr  (61)

	LESS_EQUAL  shift 123
	GREATER_EQUAL  shift 124
	'+'  shift 127
	'-'  shift 128
	'*'  shift 129
	'/'  shift 130
	'%'  shift 131
	'>'  shift 132
	'<'  shift 133
	'.'  shift 134
	'['  shift 135
	AND  reduce 54
	OR  reduce 54
	':'  reduce 54
	','  reduce 54
	';'  reduce 54
	')'  reduce 54
	']'  reduce 54


state 162
	Receiver : Expr . '.'  (41)
	LValue : Expr . '[' Expr ']'  (44)
	Expr : Expr . '+' Expr  (49)
	Expr : Expr . '-' Expr  (50)
	Expr : Expr . '*' Expr  (51)
	Expr : Expr . '/' Expr  (52)
	Expr : Expr . '%' Expr  (53)
	Expr : Expr . EQUAL Expr  (54)
	Expr : Expr . NOT_EQUAL Expr  (55)
	Expr : Expr NOT_EQUAL Expr .  (55)
	Expr : Expr . '<' Expr  (56)
	Expr : Expr . '>' Expr  (57)
	Expr : Expr . LESS_EQUAL Expr  (58)
	Expr : Expr . GREATER_EQUAL Expr  (59)
	Expr : Expr . AND Expr  (60)
	Expr : Expr . OR Expr  (61)

	LESS_EQUAL  shift 123
	GREATER_EQUAL  shift 124
	'+'  shift 127
	'-'  shift 128
	'*'  shift 129
	'/'  shift 130
	'%'  shift 131
	'>'  shift 132
	'<'  shift 133
	'.'  shift 134
	'['  shift 135
	AND  reduce 55
	OR  reduce 55
	':'  reduce 55
	','  reduce 55
	';'  reduce 55
	')'  reduce 55
	']'  reduce 55


state 163
	Receiver : Expr . '.'  (41)
	LValue : Expr . '[' Expr ']'  (44)
	Expr : Expr . '+' Expr  (49)
	Expr : Expr '+' Expr .  (49)
	Expr : Expr . '-' Expr  (50)
	Expr : Expr . '*' Expr  (51)
	Expr : Expr . '/' Expr  (52)
	Expr : Expr . '%' Expr  (53)
	Expr : Expr . EQUAL Expr  (54)
	Expr : Expr . NOT_EQUAL Expr  (55)
	Expr : Expr . '<' Expr  (56)
	Expr : Expr . '>' Expr  (57)
	Expr : Expr . LESS_EQUAL Expr  (58)
	Expr : Expr . GREATER_EQUAL Expr  (59)
	Expr : Expr . AND Expr  (60)
	Expr : Expr . OR Expr  (61)

	'*'  shift 129
	'/'  shift 130
	'%'  shift 131
	'.'  shift 134
	'['  shift 135
	AND  reduce 49
	OR  reduce 49
	LESS_EQUAL  reduce 49
	GREATER_EQUAL  reduce 49
	EQUAL  reduce 49
	NOT_EQUAL  reduce 49
	'+'  reduce 49
	'-'  reduce 49
	'>'  reduce 49
	'<'  reduce 49
	':'  reduce 49
	','  reduce 49
	';'  reduce 49
	')'  reduce 49
	']'  reduce 49


state 164
	Receiver : Expr . '.'  (41)
	LValue : Expr . '[' Expr ']'  (44)
	Expr : Expr . '+' Expr  (49)
	Expr : Expr . '-' Expr  (50)
	Expr : Expr '-' Expr .  (50)
	Expr : Expr . '*' Expr  (51)
	Expr : Expr . '/' Expr  (52)
	Expr : Expr . '%' Expr  (53)
	Expr : Expr . EQUAL Expr  (54)
	Expr : Expr . NOT_EQUAL Expr  (55)
	Expr : Expr . '<' Expr  (56)
	Expr : Expr . '>' Expr  (57)
	Expr : Expr . LESS_EQUAL Expr  (58)
	Expr : Expr . GREATER_EQUAL Expr  (59)
	Expr : Expr . AND Expr  (60)
	Expr : Expr . OR Expr  (61)

	'*'  shift 129
	'/'  shift 130
	'%'  shift 131
	'.'  shift 134
	'['  shift 135
	AND  reduce 50
	OR  reduce 50
	LESS_EQUAL  reduce 50
	GREATER_EQUAL  reduce 50
	EQUAL  reduce 50
	NOT_EQUAL  reduce 50
	'+'  reduce 50
	'-'  reduce 50
	'>'  reduce 50
	'<'  reduce 50
	':'  reduce 50
	','  reduce 50
	';'  reduce 50
	')'  reduce 50
	']'  reduce 50


state 165
	Receiver : Expr . '.'  (41)
	LValue : Expr . '[' Expr ']'  (44)
	Expr : Expr . '+' Expr  (49)
	Expr : Expr . '-' Expr  (50)
	Expr : Expr . '*' Expr  (51)
	Expr : Expr '*' Expr .  (51)
	Expr : Expr . '/' Expr  (52)
	Expr : Expr . '%' Expr  (53)
	Expr : Expr . EQUAL Expr  (54)
	Expr : Expr . NOT_EQUAL Expr  (55)
	Expr : Expr . '<' Expr  (56)
	Expr : Expr . '>' Expr  (57)
	Expr : Expr . LESS_EQUAL Expr  (58)
	Expr : Expr . GREATER_EQUAL Expr  (59)
	Expr : Expr . AND Expr  (60)
	Expr : Expr . OR Expr  (61)

	'.'  shift 134
	'['  shift 135
	AND  reduce 51
	OR  reduce 51
	LESS_EQUAL  reduce 51
	GREATER_EQUAL  reduce 51
	EQUAL  reduce 51
	NOT_EQUAL  reduce 51
	'+'  reduce 51
	'-'  reduce 51
	'*'  reduce 51
	'/'  reduce 51
	'%'  reduce 51
	'>'  reduce 51
	'<'  reduce 51
	':'  reduce 51
	','  reduce 51
	';'  reduce 51
	')'  reduce 51
	']'  reduce 51


state 166
	Receiver : Expr . '.'  (41)
	LValue : Expr . '[' Expr ']'  (44)
	Expr : Expr . '+' Expr  (49)
	Expr : Expr . '-' Expr  (50)
	Expr : Expr . '*' Expr  (51)
	Expr : Expr . '/' Expr  (52)
	Expr : Expr '/' Expr .  (52)
	Expr : Expr . '%' Expr  (53)
	Expr : Expr . EQUAL Expr  (54)
	Expr : Expr . NOT_EQUAL Expr  (55)
	Expr : Expr . '<' Expr  (56)
	Expr : Expr . '>' Expr  (57)
	Expr : Expr . LESS_EQUAL Expr  (58)
	Expr : Expr . GREATER_EQUAL Expr  (59)
	Expr : Expr . AND Expr  (60)
	Expr : Expr . OR Expr  (61)

	'.'  shift 134
	'['  shift 135
	AND  reduce 52
	OR  reduce 52
	LESS_EQUAL  reduce 52
	GREATER_EQUAL  reduce 52
	EQUAL  reduce 52
	NOT_EQUAL  reduce 52
	'+'  reduce 52
	'-'  reduce 52
	'*'  reduce 52
	'/'  reduce 52
	'%'  reduce 52
	'>'  reduce 52
	'<'  reduce 52
	':'  reduce 52
	','  reduce 52
	';'  reduce 52
	')'  reduce 52
	']'  reduce 52


state 167
	Receiver : Expr . '.'  (41)
	LValue : Expr . '[' Expr ']'  (44)
	Expr : Expr . '+' Expr  (49)
	Expr : Expr . '-' Expr  (50)
	Expr : Expr . '*' Expr  (51)
	Expr : Expr . '/' Expr  (52)
	Expr : Expr . '%' Expr  (53)
	Expr : Expr '%' Expr .  (53)
	Expr : Expr . EQUAL Expr  (54)
	Expr : Expr . NOT_EQUAL Expr  (55)
	Expr : Expr . '<' Expr  (56)
	Expr : Expr . '>' Expr  (57)
	Expr : Expr . LESS_EQUAL Expr  (58)
	Expr : Expr . GREATER_EQUAL Expr  (59)
	Expr : Expr . AND Expr  (60)
	Expr : Expr . OR Expr  (61)

	'.'  shift 134
	'['  shift 135
	AND  reduce 53
	OR  reduce 53
	LESS_EQUAL  reduce 53
	GREATER_EQUAL  reduce 53
	EQUAL  reduce 53
	NOT_EQUAL  reduce 53
	'+'  reduce 53
	'-'  reduce 53
	'*'  reduce 53
	'/'  reduce 53
	'%'  reduce 53
	'>'  reduce 53
	'<'  reduce 53
	':'  reduce 53
	','  reduce 53
	';'  reduce 53
	')'  reduce 53
	']'  reduce 53


state 168
	Receiver : Expr . '.'  (41)
	LValue : Expr . '[' Expr ']'  (44)
	Expr : Expr . '+' Expr  (49)
	Expr : Expr . '-' Expr  (50)
	Expr : Expr . '*' Expr  (51)
	Expr : Expr . '/' Expr  (52)
	Expr : Expr . '%' Expr  (53)
	Expr : Expr . EQUAL Expr  (54)
	Expr : Expr . NOT_EQUAL Expr  (55)
	Expr : Expr . '<' Expr  (56)
	Expr : Expr . '>' Expr  (57)
	Expr : Expr '>' Expr .  (57)
	Expr : Expr . LESS_EQUAL Expr  (58)
	Expr : Expr . GREATER_EQUAL Expr  (59)
	Expr : Expr . AND Expr  (60)
	Expr : Expr . OR Expr  (61)

	'+'  shift 127
	'-'  shift 128
	'*'  shift 129
	'/'  shift 130
	'%'  shift 131
	'.'  shift 134
	'['  shift 135
	AND  reduce 57
	OR  reduce 57
	EQUAL  reduce 57
	NOT_EQUAL  reduce 57
	':'  reduce 57
	','  reduce 57
	';'  reduce 57
	')'  reduce 57
	']'  reduce 57


state 169
	Receiver : Expr . '.'  (41)
	LValue : Expr . '[' Expr ']'  (44)
	Expr : Expr . '+' Expr  (49)
	Expr : Expr . '-' Expr  (50)
	Expr : Expr . '*' Expr  (51)
	Expr : Expr . '/' Expr  (52)
	Expr : Expr . '%' Expr  (53)
	Expr : Expr . EQUAL Expr  (54)
	Expr : Expr . NOT_EQUAL Expr  (55)
	Expr : Expr . '<' Expr  (56)
	Expr : Expr '<' Expr .  (56)
	Expr : Expr . '>' Expr  (57)
	Expr : Expr . LESS_EQUAL Expr  (58)
	Expr : Expr . GREATER_EQUAL Expr  (59)
	Expr : Expr . AND Expr  (60)
	Expr : Expr . OR Expr  (61)

	'+'  shift 127
	'-'  shift 128
	'*'  shift 129
	'/'  shift 130
	'%'  shift 131
	'.'  shift 134
	'['  shift 135
	AND  reduce 56
	OR  reduce 56
	EQUAL  reduce 56
	NOT_EQUAL  reduce 56
	':'  reduce 56
	','  reduce 56
	';'  reduce 56
	')'  reduce 56
	']'  reduce 56


state 170
	Receiver : Expr . '.'  (41)
	LValue : Expr . '[' Expr ']'  (44)
	LValue : Expr '[' Expr . ']'  (44)
	Expr : Expr . '+' Expr  (49)
	Expr : Expr . '-' Expr  (50)
	Expr : Expr . '*' Expr  (51)
	Expr : Expr . '/' Expr  (52)
	Expr : Expr . '%' Expr  (53)
	Expr : Expr . EQUAL Expr  (54)
	Expr : Expr . NOT_EQUAL Expr  (55)
	Expr : Expr . '<' Expr  (56)
	Expr : Expr . '>' Expr  (57)
	Expr : Expr . LESS_EQUAL Expr  (58)
	Expr : Expr . GREATER_EQUAL Expr  (59)
	Expr : Expr . AND Expr  (60)
	Expr : Expr . OR Expr  (61)

	AND  shift 121
	OR  shift 122
	LESS_EQUAL  shift 123
	GREATER_EQUAL  shift 124
	EQUAL  shift 125
	NOT_EQUAL  shift 126
	'+'  shift 127
	'-'  shift 128
	'*'  shift 129
	'/'  shift 130
	'%'  shift 131
	'>'  shift 132
	'<'  shift 133
	'.'  shift 134
	'['  shift 135
	']'  shift 187
	.  error


state 171
	Call : Receiver IDENTIFIER '(' . Actuals ')'  (45)
	Receiver : .  (42)
	Actuals : .  (82)

	NULL  shift 48
	THIS  shift 49
	CASE  shift 52
	NEW  shift 56
	SUPER  shift 57
	READ_INTEGER  shift 60
	READ_LINE  shift 61
	LITERAL  shift 62
	DCOPY  shift 63
	SCOPY  shift 64
	INSTANCEOF  shift 65
	'-'  shift 66
	'@'  shift 67
	'$'  shift 68
	'#'  shift 69
	'!'  shift 70
	'('  shift 71
	IDENTIFIER  reduce 42
	')'  reduce 82

	LValue  goto 89
	Expr  goto 146
	Call  goto 91
	Receiver  goto 87
	Actuals  goto 188
	Constant  goto 88
	ExprList  goto 189


state 172
	DOODSubStmt : Expr ':' Stmt .  (102)

	.  reduce 102


state 173
	DOODBranch : DOODBranch DOOD DOODSubStmt .  (100)

	.  reduce 100


state 174
	WhileStmt : WHILE '(' Expr ')' . Stmt  (85)
	SimpleStmt : .  (40)
	Receiver : .  (42)

	VOID  shift 12
	BOOL  shift 13
	INT  shift 14
	COMPLEX  shift 15
	STRING  shift 16
	CLASS  shift 17
	DO  shift 47
	NULL  shift 48
	THIS  shift 49
	WHILE  shift 50
	FOR  shift 51
	CASE  shift 52
	IF  shift 53
	RETURN  shift 54
	BREAK  shift 55
	NEW  shift 56
	SUPER  shift 57
	PRINT  shift 58
	PRINT_COMP  shift 59
	READ_INTEGER  shift 60
	READ_LINE  shift 61
	LITERAL  shift 62
	DCOPY  shift 63
	SCOPY  shift 64
	INSTANCEOF  shift 65
	'-'  shift 66
	'@'  shift 67
	'$'  shift 68
	'#'  shift 69
	'!'  shift 70
	'('  shift 71
	'{'  shift 42
	IDENTIFIER  reduce 42
	';'  reduce 40

	VariableDef  goto 73
	Variable  goto 21
	Type  goto 34
	StmtBlock  goto 74
	Stmt  goto 190
	SimpleStmt  goto 76
	IfStmt  goto 77
	WhileStmt  goto 78
	ForStmt  goto 79
	ReturnStmt  goto 80
	PrintStmt  goto 81
	BreakStmt  goto 82
	DOODStmt  goto 83
	LValue  goto 84
	Expr  goto 85
	Call  goto 86
	Receiver  goto 87
	Constant  goto 88


state 175
	ForStmt : FOR '(' SimpleStmt ';' . Expr ';' SimpleStmt ')' Stmt  (86)
	Receiver : .  (42)

	NULL  shift 48
	THIS  shift 49
	CASE  shift 52
	NEW  shift 56
	SUPER  shift 57
	READ_INTEGER  shift 60
	READ_LINE  shift 61
	LITERAL  shift 62
	DCOPY  shift 63
	SCOPY  shift 64
	INSTANCEOF  shift 65
	'-'  shift 66
	'@'  shift 67
	'$'  shift 68
	'#'  shift 69
	'!'  shift 70
	'('  shift 71
	IDENTIFIER  reduce 42

	LValue  goto 89
	Expr  goto 191
	Call  goto 91
	Receiver  goto 87
	Constant  goto 88


state 176
	Expr : CASE '(' Expr ')' . '{' CaseList DefaultExpr '}'  (76)

	'{'  shift 192
	.  error


state 177
	IfStmt : IF '(' Expr ')' . Stmt ElseClause  (88)
	SimpleStmt : .  (40)
	Receiver : .  (42)

	VOID  shift 12
	BOOL  shift 13
	INT  shift 14
	COMPLEX  shift 15
	STRING  shift 16
	CLASS  shift 17
	DO  shift 47
	NULL  shift 48
	THIS  shift 49
	WHILE  shift 50
	FOR  shift 51
	CASE  shift 52
	IF  shift 53
	RETURN  shift 54
	BREAK  shift 55
	NEW  shift 56
	SUPER  shift 57
	PRINT  shift 58
	PRINT_COMP  shift 59
	READ_INTEGER  shift 60
	READ_LINE  shift 61
	LITERAL  shift 62
	DCOPY  shift 63
	SCOPY  shift 64
	INSTANCEOF  shift 65
	'-'  shift 66
	'@'  shift 67
	'$'  shift 68
	'#'  shift 69
	'!'  shift 70
	'('  shift 71
	'{'  shift 42
	IDENTIFIER  reduce 42
	';'  reduce 40

	VariableDef  goto 73
	Variable  goto 21
	Type  goto 34
	StmtBlock  goto 74
	Stmt  goto 193
	SimpleStmt  goto 76
	IfStmt  goto 77
	WhileStmt  goto 78
	ForStmt  goto 79
	ReturnStmt  goto 80
	PrintStmt  goto 81
	BreakStmt  goto 82
	DOODStmt  goto 83
	LValue  goto 84
	Expr  goto 85
	Call  goto 86
	Receiver  goto 87
	Constant  goto 88


state 178
	Expr : NEW IDENTIFIER '(' ')' .  (72)

	.  reduce 72


state 179
	Receiver : Expr . '.'  (41)
	LValue : Expr . '[' Expr ']'  (44)
	Expr : Expr . '+' Expr  (49)
	Expr : Expr . '-' Expr  (50)
	Expr : Expr . '*' Expr  (51)
	Expr : Expr . '/' Expr  (52)
	Expr : Expr . '%' Expr  (53)
	Expr : Expr . EQUAL Expr  (54)
	Expr : Expr . NOT_EQUAL Expr  (55)
	Expr : Expr . '<' Expr  (56)
	Expr : Expr . '>' Expr  (57)
	Expr : Expr . LESS_EQUAL Expr  (58)
	Expr : Expr . GREATER_EQUAL Expr  (59)
	Expr : Expr . AND Expr  (60)
	Expr : Expr . OR Expr  (61)
	Expr : NEW Type '[' Expr . ']'  (73)

	AND  shift 121
	OR  shift 122
	LESS_EQUAL  shift 123
	GREATER_EQUAL  shift 124
	EQUAL  shift 125
	NOT_EQUAL  shift 126
	'+'  shift 127
	'-'  shift 128
	'*'  shift 129
	'/'  shift 130
	'%'  shift 131
	'>'  shift 132
	'<'  shift 133
	'.'  shift 134
	'['  shift 135
	']'  shift 194
	.  error


state 180
	ExprList : ExprList ',' . Expr  (83)
	Receiver : .  (42)

	NULL  shift 48
	THIS  shift 49
	CASE  shift 52
	NEW  shift 56
	SUPER  shift 57
	READ_INTEGER  shift 60
	READ_LINE  shift 61
	LITERAL  shift 62
	DCOPY  shift 63
	SCOPY  shift 64
	INSTANCEOF  shift 65
	'-'  shift 66
	'@'  shift 67
	'$'  shift 68
	'#'  shift 69
	'!'  shift 70
	'('  shift 71
	IDENTIFIER  reduce 42

	LValue  goto 89
	Expr  goto 195
	Call  goto 91
	Receiver  goto 87
	Constant  goto 88


state 181
	PrintStmt : PRINT '(' ExprList ')' .  (93)

	.  reduce 93


state 182
	PrintStmt : PRINT_COMP '(' ExprList ')' .  (94)

	.  reduce 94


state 183
	Expr : DCOPY '(' Expr ')' .  (77)

	.  reduce 77


state 184
	Expr : SCOPY '(' Expr ')' .  (78)

	.  reduce 78


state 185
	Expr : INSTANCEOF '(' Expr ',' . IDENTIFIER ')'  (74)

	IDENTIFIER  shift 196
	.  error


state 186
	Expr : '(' CLASS IDENTIFIER ')' . Expr  (75)
	Receiver : .  (42)

	NULL  shift 48
	THIS  shift 49
	CASE  shift 52
	NEW  shift 56
	SUPER  shift 57
	READ_INTEGER  shift 60
	READ_LINE  shift 61
	LITERAL  shift 62
	DCOPY  shift 63
	SCOPY  shift 64
	INSTANCEOF  shift 65
	'-'  shift 66
	'@'  shift 67
	'$'  shift 68
	'#'  shift 69
	'!'  shift 70
	'('  shift 71
	IDENTIFIER  reduce 42

	LValue  goto 89
	Expr  goto 197
	Call  goto 91
	Receiver  goto 87
	Constant  goto 88


state 187
	LValue : Expr '[' Expr ']' .  (44)

	.  reduce 44


state 188
	Call : Receiver IDENTIFIER '(' Actuals . ')'  (45)

	')'  shift 198
	.  error


state 189
	Actuals : ExprList .  (81)
	ExprList : ExprList . ',' Expr  (83)

	','  shift 180
	')'  reduce 81


state 190
	WhileStmt : WHILE '(' Expr ')' Stmt .  (85)

	.  reduce 85


state 191
	Receiver : Expr . '.'  (41)
	LValue : Expr . '[' Expr ']'  (44)
	Expr : Expr . '+' Expr  (49)
	Expr : Expr . '-' Expr  (50)
	Expr : Expr . '*' Expr  (51)
	Expr : Expr . '/' Expr  (52)
	Expr : Expr . '%' Expr  (53)
	Expr : Expr . EQUAL Expr  (54)
	Expr : Expr . NOT_EQUAL Expr  (55)
	Expr : Expr . '<' Expr  (56)
	Expr : Expr . '>' Expr  (57)
	Expr : Expr . LESS_EQUAL Expr  (58)
	Expr : Expr . GREATER_EQUAL Expr  (59)
	Expr : Expr . AND Expr  (60)
	Expr : Expr . OR Expr  (61)
	ForStmt : FOR '(' SimpleStmt ';' Expr . ';' SimpleStmt ')' Stmt  (86)

	AND  shift 121
	OR  shift 122
	LESS_EQUAL  shift 123
	GREATER_EQUAL  shift 124
	EQUAL  shift 125
	NOT_EQUAL  shift 126
	'+'  shift 127
	'-'  shift 128
	'*'  shift 129
	'/'  shift 130
	'%'  shift 131
	'>'  shift 132
	'<'  shift 133
	'.'  shift 134
	';'  shift 199
	'['  shift 135
	.  error


state 192
	Expr : CASE '(' Expr ')' '{' . CaseList DefaultExpr '}'  (76)
	CaseList : .  (96)

	.  reduce 96

	CaseList  goto 200


state 193
	IfStmt : IF '(' Expr ')' Stmt . ElseClause  (88)
	ElseClause : .  (90)

	ELSE  shift 201
	VOID  reduce 90
	BOOL  reduce 90
	INT  reduce 90
	COMPLEX  reduce 90
	STRING  reduce 90
	CLASS  reduce 90
	DO  reduce 90
	OD  reduce 90
	DOOD  reduce 90
	NULL  reduce 90
	THIS  reduce 90
	WHILE  reduce 90
	FOR  reduce 90
	CASE  reduce 90
	IF  reduce 90
	RETURN  reduce 90
	BREAK  reduce 90
	NEW  reduce 90
	SUPER  reduce 90
	PRINT  reduce 90
	PRINT_COMP  reduce 90
	READ_INTEGER  reduce 90
	READ_LINE  reduce 90
	LITERAL  reduce 90
	DCOPY  reduce 90
	SCOPY  reduce 90
	IDENTIFIER  reduce 90
	INSTANCEOF  reduce 90
	'-'  reduce 90
	'@'  reduce 90
	'$'  reduce 90
	'#'  reduce 90
	';'  reduce 90
	'!'  reduce 90
	'('  reduce 90
	'{'  reduce 90
	'}'  reduce 90

	ElseClause  goto 202


state 194
	Expr : NEW Type '[' Expr ']' .  (73)

	.  reduce 73


state 195
	Receiver : Expr . '.'  (41)
	LValue : Expr . '[' Expr ']'  (44)
	Expr : Expr . '+' Expr  (49)
	Expr : Expr . '-' Expr  (50)
	Expr : Expr . '*' Expr  (51)
	Expr : Expr . '/' Expr  (52)
	Expr : Expr . '%' Expr  (53)
	Expr : Expr . EQUAL Expr  (54)
	Expr : Expr . NOT_EQUAL Expr  (55)
	Expr : Expr . '<' Expr  (56)
	Expr : Expr . '>' Expr  (57)
	Expr : Expr . LESS_EQUAL Expr  (58)
	Expr : Expr . GREATER_EQUAL Expr  (59)
	Expr : Expr . AND Expr  (60)
	Expr : Expr . OR Expr  (61)
	ExprList : ExprList ',' Expr .  (83)

	AND  shift 121
	OR  shift 122
	LESS_EQUAL  shift 123
	GREATER_EQUAL  shift 124
	EQUAL  shift 125
	NOT_EQUAL  shift 126
	'+'  shift 127
	'-'  shift 128
	'*'  shift 129
	'/'  shift 130
	'%'  shift 131
	'>'  shift 132
	'<'  shift 133
	'.'  shift 134
	'['  shift 135
	','  reduce 83
	')'  reduce 83


state 196
	Expr : INSTANCEOF '(' Expr ',' IDENTIFIER . ')'  (74)

	')'  shift 203
	.  error


state 197
	Receiver : Expr . '.'  (41)
	LValue : Expr . '[' Expr ']'  (44)
	Expr : Expr . '+' Expr  (49)
	Expr : Expr . '-' Expr  (50)
	Expr : Expr . '*' Expr  (51)
	Expr : Expr . '/' Expr  (52)
	Expr : Expr . '%' Expr  (53)
	Expr : Expr . EQUAL Expr  (54)
	Expr : Expr . NOT_EQUAL Expr  (55)
	Expr : Expr . '<' Expr  (56)
	Expr : Expr . '>' Expr  (57)
	Expr : Expr . LESS_EQUAL Expr  (58)
	Expr : Expr . GREATER_EQUAL Expr  (59)
	Expr : Expr . AND Expr  (60)
	Expr : Expr . OR Expr  (61)
	Expr : '(' CLASS IDENTIFIER ')' Expr .  (75)

	.  reduce 75


state 198
	Call : Receiver IDENTIFIER '(' Actuals ')' .  (45)

	.  reduce 45


state 199
	ForStmt : FOR '(' SimpleStmt ';' Expr ';' . SimpleStmt ')' Stmt  (86)
	SimpleStmt : .  (40)
	Receiver : .  (42)

	NULL  shift 48
	THIS  shift 49
	CASE  shift 52
	NEW  shift 56
	SUPER  shift 57
	READ_INTEGER  shift 60
	READ_LINE  shift 61
	LITERAL  shift 62
	DCOPY  shift 63
	SCOPY  shift 64
	INSTANCEOF  shift 65
	'-'  shift 66
	'@'  shift 67
	'$'  shift 68
	'#'  shift 69
	'!'  shift 70
	'('  shift 71
	IDENTIFIER  reduce 42
	')'  reduce 40

	SimpleStmt  goto 204
	LValue  goto 84
	Expr  goto 85
	Call  goto 86
	Receiver  goto 87
	Constant  goto 88


state 200
	Expr : CASE '(' Expr ')' '{' CaseList . DefaultExpr '}'  (76)
	CaseList : CaseList . CaseDef  (95)

	NULL  shift 48
	DEFAULT  shift 205
	LITERAL  shift 62
	.  error

	Constant  goto 206
	DefaultExpr  goto 207
	CaseDef  goto 208


state 201
	ElseClause : ELSE . Stmt  (89)
	SimpleStmt : .  (40)
	Receiver : .  (42)

	VOID  shift 12
	BOOL  shift 13
	INT  shift 14
	COMPLEX  shift 15
	STRING  shift 16
	CLASS  shift 17
	DO  shift 47
	NULL  shift 48
	THIS  shift 49
	WHILE  shift 50
	FOR  shift 51
	CASE  shift 52
	IF  shift 53
	RETURN  shift 54
	BREAK  shift 55
	NEW  shift 56
	SUPER  shift 57
	PRINT  shift 58
	PRINT_COMP  shift 59
	READ_INTEGER  shift 60
	READ_LINE  shift 61
	LITERAL  shift 62
	DCOPY  shift 63
	SCOPY  shift 64
	INSTANCEOF  shift 65
	'-'  shift 66
	'@'  shift 67
	'$'  shift 68
	'#'  shift 69
	'!'  shift 70
	'('  shift 71
	'{'  shift 42
	IDENTIFIER  reduce 42
	';'  reduce 40

	VariableDef  goto 73
	Variable  goto 21
	Type  goto 34
	StmtBlock  goto 74
	Stmt  goto 209
	SimpleStmt  goto 76
	IfStmt  goto 77
	WhileStmt  goto 78
	ForStmt  goto 79
	ReturnStmt  goto 80
	PrintStmt  goto 81
	BreakStmt  goto 82
	DOODStmt  goto 83
	LValue  goto 84
	Expr  goto 85
	Call  goto 86
	Receiver  goto 87
	Constant  goto 88


state 202
	IfStmt : IF '(' Expr ')' Stmt ElseClause .  (88)

	.  reduce 88


state 203
	Expr : INSTANCEOF '(' Expr ',' IDENTIFIER ')' .  (74)

	.  reduce 74


state 204
	ForStmt : FOR '(' SimpleStmt ';' Expr ';' SimpleStmt . ')' Stmt  (86)

	')'  shift 210
	.  error


state 205
	DefaultExpr : DEFAULT . ':' Expr ';'  (98)

	':'  shift 211
	.  error


state 206
	CaseDef : Constant . ':' Expr ';'  (97)

	':'  shift 212
	.  error


state 207
	Expr : CASE '(' Expr ')' '{' CaseList DefaultExpr . '}'  (76)

	'}'  shift 213
	.  error


state 208
	CaseList : CaseList CaseDef .  (95)

	.  reduce 95


state 209
	ElseClause : ELSE Stmt .  (89)

	.  reduce 89


state 210
	ForStmt : FOR '(' SimpleStmt ';' Expr ';' SimpleStmt ')' . Stmt  (86)
	SimpleStmt : .  (40)
	Receiver : .  (42)

	VOID  shift 12
	BOOL  shift 13
	INT  shift 14
	COMPLEX  shift 15
	STRING  shift 16
	CLASS  shift 17
	DO  shift 47
	NULL  shift 48
	THIS  shift 49
	WHILE  shift 50
	FOR  shift 51
	CASE  shift 52
	IF  shift 53
	RETURN  shift 54
	BREAK  shift 55
	NEW  shift 56
	SUPER  shift 57
	PRINT  shift 58
	PRINT_COMP  shift 59
	READ_INTEGER  shift 60
	READ_LINE  shift 61
	LITERAL  shift 62
	DCOPY  shift 63
	SCOPY  shift 64
	INSTANCEOF  shift 65
	'-'  shift 66
	'@'  shift 67
	'$'  shift 68
	'#'  shift 69
	'!'  shift 70
	'('  shift 71
	'{'  shift 42
	IDENTIFIER  reduce 42
	';'  reduce 40

	VariableDef  goto 73
	Variable  goto 21
	Type  goto 34
	StmtBlock  goto 74
	Stmt  goto 214
	SimpleStmt  goto 76
	IfStmt  goto 77
	WhileStmt  goto 78
	ForStmt  goto 79
	ReturnStmt  goto 80
	PrintStmt  goto 81
	BreakStmt  goto 82
	DOODStmt  goto 83
	LValue  goto 84
	Expr  goto 85
	Call  goto 86
	Receiver  goto 87
	Constant  goto 88


state 211
	DefaultExpr : DEFAULT ':' . Expr ';'  (98)
	Receiver : .  (42)

	NULL  shift 48
	THIS  shift 49
	CASE  shift 52
	NEW  shift 56
	SUPER  shift 57
	READ_INTEGER  shift 60
	READ_LINE  shift 61
	LITERAL  shift 62
	DCOPY  shift 63
	SCOPY  shift 64
	INSTANCEOF  shift 65
	'-'  shift 66
	'@'  shift 67
	'$'  shift 68
	'#'  shift 69
	'!'  shift 70
	'('  shift 71
	IDENTIFIER  reduce 42

	LValue  goto 89
	Expr  goto 215
	Call  goto 91
	Receiver  goto 87
	Constant  goto 88


state 212
	CaseDef : Constant ':' . Expr ';'  (97)
	Receiver : .  (42)

	NULL  shift 48
	THIS  shift 49
	CASE  shift 52
	NEW  shift 56
	SUPER  shift 57
	READ_INTEGER  shift 60
	READ_LINE  shift 61
	LITERAL  shift 62
	DCOPY  shift 63
	SCOPY  shift 64
	INSTANCEOF  shift 65
	'-'  shift 66
	'@'  shift 67
	'$'  shift 68
	'#'  shift 69
	'!'  shift 70
	'('  shift 71
	IDENTIFIER  reduce 42

	LValue  goto 89
	Expr  goto 216
	Call  goto 91
	Receiver  goto 87
	Constant  goto 88


state 213
	Expr : CASE '(' Expr ')' '{' CaseList DefaultExpr '}' .  (76)

	.  reduce 76


state 214
	ForStmt : FOR '(' SimpleStmt ';' Expr ';' SimpleStmt ')' Stmt .  (86)

	.  reduce 86


state 215
	Receiver : Expr . '.'  (41)
	LValue : Expr . '[' Expr ']'  (44)
	Expr : Expr . '+' Expr  (49)
	Expr : Expr . '-' Expr  (50)
	Expr : Expr . '*' Expr  (51)
	Expr : Expr . '/' Expr  (52)
	Expr : Expr . '%' Expr  (53)
	Expr : Expr . EQUAL Expr  (54)
	Expr : Expr . NOT_EQUAL Expr  (55)
	Expr : Expr . '<' Expr  (56)
	Expr : Expr . '>' Expr  (57)
	Expr : Expr . LESS_EQUAL Expr  (58)
	Expr : Expr . GREATER_EQUAL Expr  (59)
	Expr : Expr . AND Expr  (60)
	Expr : Expr . OR Expr  (61)
	DefaultExpr : DEFAULT ':' Expr . ';'  (98)

	AND  shift 121
	OR  shift 122
	LESS_EQUAL  shift 123
	GREATER_EQUAL  shift 124
	EQUAL  shift 125
	NOT_EQUAL  shift 126
	'+'  shift 127
	'-'  shift 128
	'*'  shift 129
	'/'  shift 130
	'%'  shift 131
	'>'  shift 132
	'<'  shift 133
	'.'  shift 134
	';'  shift 217
	'['  shift 135
	.  error


state 216
	Receiver : Expr . '.'  (41)
	LValue : Expr . '[' Expr ']'  (44)
	Expr : Expr . '+' Expr  (49)
	Expr : Expr . '-' Expr  (50)
	Expr : Expr . '*' Expr  (51)
	Expr : Expr . '/' Expr  (52)
	Expr : Expr . '%' Expr  (53)
	Expr : Expr . EQUAL Expr  (54)
	Expr : Expr . NOT_EQUAL Expr  (55)
	Expr : Expr . '<' Expr  (56)
	Expr : Expr . '>' Expr  (57)
	Expr : Expr . LESS_EQUAL Expr  (58)
	Expr : Expr . GREATER_EQUAL Expr  (59)
	Expr : Expr . AND Expr  (60)
	Expr : Expr . OR Expr  (61)
	CaseDef : Constant ':' Expr . ';'  (97)

	AND  shift 121
	OR  shift 122
	LESS_EQUAL  shift 123
	GREATER_EQUAL  shift 124
	EQUAL  shift 125
	NOT_EQUAL  shift 126
	'+'  shift 127
	'-'  shift 128
	'*'  shift 129
	'/'  shift 130
	'%'  shift 131
	'>'  shift 132
	'<'  shift 133
	'.'  shift 134
	';'  shift 218
	'['  shift 135
	.  error


state 217
	DefaultExpr : DEFAULT ':' Expr ';' .  (98)

	.  reduce 98


state 218
	CaseDef : Constant ':' Expr ';' .  (97)

	.  reduce 97


State 109 contains 15 shift/reduce conflicts.
State 110 contains 15 shift/reduce conflicts.
State 111 contains 15 shift/reduce conflicts.


64 terminals, 36 nonterminals
103 grammar rules, 219 states
